2020-02-04 20:05:42,989 DEBUG c.i.d.s.SdkWebserviceApplication [main] SdkWebserviceApplication started...
2020-02-04 20:05:43,781 INFO o.s.b.StartupInfoLogger [main] Starting SdkWebserviceApplication on DESKTOP-3QJUVTC with PID 15520 (started by Deka in E:\Mitra Integrasi Informatika\Business Consulting Services(Product K2)\Project CHATBOT\Project Chatbot Garudafood\3Dolphins-SDK-master-19082019)
2020-02-04 20:05:43,794 DEBUG o.s.b.StartupInfoLogger [main] Running with Spring Boot v2.0.3.RELEASE, Spring v5.0.7.RELEASE
2020-02-04 20:05:43,795 INFO o.s.b.SpringApplication [main] No active profile set, falling back to default profiles: default
2020-02-04 20:05:43,839 INFO o.s.c.s.AbstractApplicationContext [main] Refreshing org.springframework.boot.web.servlet.context.AnnotationConfigServletWebServerApplicationContext@41c2284a: startup date [Tue Feb 04 20:05:43 ICT 2020]; root of context hierarchy
2020-02-04 20:05:47,469 INFO o.s.b.w.e.t.TomcatWebServer [main] Tomcat initialized with port(s): 8081 (http)
2020-02-04 20:05:47,491 INFO o.a.j.l.DirectJDKLog [main] Initializing ProtocolHandler ["http-nio-8081"]
2020-02-04 20:05:47,503 INFO o.a.j.l.DirectJDKLog [main] Starting service [Tomcat]
2020-02-04 20:05:47,503 INFO o.a.j.l.DirectJDKLog [main] Starting Servlet Engine: Apache Tomcat/8.5.31
2020-02-04 20:05:47,523 INFO o.a.j.l.DirectJDKLog [localhost-startStop-1] The APR based Apache Tomcat Native library which allows optimal performance in production environments was not found on the java.library.path: [C:\Program Files\Java\jdk1.8.0_162\bin;C:\WINDOWS\Sun\Java\bin;C:\WINDOWS\system32;C:\WINDOWS;C:\Program Files (x86)\Common Files\Oracle\Java\javapath;C:\ProgramData\Oracle\Java\javapath;C:\Program Files (x86)\Intel\Intel(R) Management Engine Components\iCLS\;C:\Program Files\Intel\Intel(R) Management Engine Components\iCLS\;C:\Windows\system32;C:\Windows;C:\Windows\System32\Wbem;C:\Windows\System32\WindowsPowerShell\v1.0\;C:\Windows\System32\OpenSSH\;C:\Program Files (x86)\Intel\Intel(R) Management Engine Components\DAL;C:\Program Files\Intel\Intel(R) Management Engine Components\DAL;C:\Program Files (x86)\Intel\Intel(R) Management Engine Components\IPT;C:\Program Files\Intel\Intel(R) Management Engine Components\IPT;C:\Program Files (x86)\NVIDIA Corporation\PhysX\Common;C:\Program Files\Microsoft VS Code\bin;C:\Program Files (x86)\Microsoft SQL Server\90\Tools\binn\;C:\ProgramData\chocolatey\bin;C:\Program Files\nodejs\;%SystemRoot%\system32;%SystemRoot%;%SystemRoot%\System32\Wbem;%SYSTEMROOT%\System32\WindowsPowerShell\v1.0\;%SYSTEMROOT%\System32\OpenSSH\;C:\Users\Deka\AppData\Local\Microsoft\WindowsApps;C:\Users\Deka\AppData\Roaming\npm;C:\Users\Deka\AppData\Local\Android\sdk\platform-tools;;.]
2020-02-04 20:05:47,712 INFO o.a.j.l.DirectJDKLog [localhost-startStop-1] Initializing Spring embedded WebApplicationContext
2020-02-04 20:05:47,713 INFO o.s.b.w.s.c.ServletWebServerApplicationContext [localhost-startStop-1] Root WebApplicationContext: initialization completed in 3875 ms
2020-02-04 20:05:48,418 INFO o.s.b.w.s.ServletRegistrationBean [localhost-startStop-1] Servlet dispatcherServlet mapped to [/]
2020-02-04 20:05:48,428 INFO o.s.b.w.s.AbstractFilterRegistrationBean [localhost-startStop-1] Mapping filter: 'characterEncodingFilter' to: [/*]
2020-02-04 20:05:48,429 INFO o.s.b.w.s.AbstractFilterRegistrationBean [localhost-startStop-1] Mapping filter: 'hiddenHttpMethodFilter' to: [/*]
2020-02-04 20:05:48,429 INFO o.s.b.w.s.AbstractFilterRegistrationBean [localhost-startStop-1] Mapping filter: 'httpPutFormContentFilter' to: [/*]
2020-02-04 20:05:48,429 INFO o.s.b.w.s.AbstractFilterRegistrationBean [localhost-startStop-1] Mapping filter: 'requestContextFilter' to: [/*]
2020-02-04 20:05:48,430 INFO o.s.b.w.s.AbstractFilterRegistrationBean [localhost-startStop-1] Mapping filter: 'httpTraceFilter' to: [/*]
2020-02-04 20:05:48,430 INFO o.s.b.w.s.AbstractFilterRegistrationBean [localhost-startStop-1] Mapping filter: 'webMvcMetricsFilter' to: [/*]
2020-02-04 20:05:48,768 INFO o.s.w.s.h.AbstractUrlHandlerMapping [main] Mapped URL path [/**/favicon.ico] onto handler of type [class org.springframework.web.servlet.resource.ResourceHttpRequestHandler]
2020-02-04 20:05:49,004 INFO o.s.w.s.m.m.a.RequestMappingHandlerAdapter [main] Looking for @ControllerAdvice: org.springframework.boot.web.servlet.context.AnnotationConfigServletWebServerApplicationContext@41c2284a: startup date [Tue Feb 04 20:05:43 ICT 2020]; root of context hierarchy
2020-02-04 20:05:49,081 INFO o.s.w.s.h.AbstractHandlerMethodMapping$MappingRegistry [main] Mapped "{[/BroadcastMessage]}" onto public java.lang.String com.imi.dolphin.sdkwebservice.controller.BroadcastMessageController.BroadcastMessage(com.imi.dolphin.sdkwebservice.model.ExtensionRequest)
2020-02-04 20:05:49,084 INFO o.s.w.s.h.AbstractHandlerMethodMapping$MappingRegistry [main] Mapped "{[/ping]}" onto public com.imi.dolphin.sdkwebservice.model.ExtensionResult com.imi.dolphin.sdkwebservice.controller.Controller.doPingRequest(com.imi.dolphin.sdkwebservice.model.ExtensionRequest)
2020-02-04 20:05:49,085 INFO o.s.w.s.h.AbstractHandlerMethodMapping$MappingRegistry [main] Mapped "{[/messages]}" onto public com.imi.dolphin.sdkwebservice.model.ExtensionResult com.imi.dolphin.sdkwebservice.controller.Controller.doGetMessages(com.imi.dolphin.sdkwebservice.model.ExtensionRequest)
2020-02-04 20:05:49,085 INFO o.s.w.s.h.AbstractHandlerMethodMapping$MappingRegistry [main] Mapped "{[/status]}" onto public com.imi.dolphin.sdkwebservice.model.ExtensionResult com.imi.dolphin.sdkwebservice.controller.Controller.doGetSrnResult(com.imi.dolphin.sdkwebservice.model.ExtensionRequest)
2020-02-04 20:05:49,086 INFO o.s.w.s.h.AbstractHandlerMethodMapping$MappingRegistry [main] Mapped "{[/tanyaUsername]}" onto public com.imi.dolphin.sdkwebservice.model.ExtensionResult com.imi.dolphin.sdkwebservice.controller.Controller.tanyaUsername(com.imi.dolphin.sdkwebservice.model.ExtensionRequest)
2020-02-04 20:05:49,086 INFO o.s.w.s.h.AbstractHandlerMethodMapping$MappingRegistry [main] Mapped "{[/menuUtamaGeneral]}" onto public com.imi.dolphin.sdkwebservice.model.ExtensionResult com.imi.dolphin.sdkwebservice.controller.Controller.menuUtamaGeneral(com.imi.dolphin.sdkwebservice.model.ExtensionRequest)
2020-02-04 20:05:49,087 INFO o.s.w.s.h.AbstractHandlerMethodMapping$MappingRegistry [main] Mapped "{[/form]}" onto public com.imi.dolphin.sdkwebservice.model.ExtensionResult com.imi.dolphin.sdkwebservice.controller.Controller.doBuildForm(com.imi.dolphin.sdkwebservice.model.ExtensionRequest)
2020-02-04 20:05:49,087 INFO o.s.w.s.h.AbstractHandlerMethodMapping$MappingRegistry [main] Mapped "{[/button]}" onto public com.imi.dolphin.sdkwebservice.model.ExtensionResult com.imi.dolphin.sdkwebservice.controller.Controller.doBuildButton(com.imi.dolphin.sdkwebservice.model.ExtensionRequest)
2020-02-04 20:05:49,087 INFO o.s.w.s.h.AbstractHandlerMethodMapping$MappingRegistry [main] Mapped "{[/image]}" onto public com.imi.dolphin.sdkwebservice.model.ExtensionResult com.imi.dolphin.sdkwebservice.controller.Controller.doBuildImage(com.imi.dolphin.sdkwebservice.model.ExtensionRequest)
2020-02-04 20:05:49,088 INFO o.s.w.s.h.AbstractHandlerMethodMapping$MappingRegistry [main] Mapped "{[/carousel]}" onto public com.imi.dolphin.sdkwebservice.model.ExtensionResult com.imi.dolphin.sdkwebservice.controller.Controller.doBuildCarousel(com.imi.dolphin.sdkwebservice.model.ExtensionRequest)
2020-02-04 20:05:49,089 INFO o.s.w.s.h.AbstractHandlerMethodMapping$MappingRegistry [main] Mapped "{[/sendMail]}" onto public com.imi.dolphin.sdkwebservice.model.ExtensionResult com.imi.dolphin.sdkwebservice.controller.Controller.doSendMail(com.imi.dolphin.sdkwebservice.model.ExtensionRequest)
2020-02-04 20:05:49,089 INFO o.s.w.s.h.AbstractHandlerMethodMapping$MappingRegistry [main] Mapped "{[/getUserLdap]}" onto public com.imi.dolphin.sdkwebservice.model.ExtensionResult com.imi.dolphin.sdkwebservice.controller.Controller.getUserLdap(com.imi.dolphin.sdkwebservice.model.ExtensionRequest)
2020-02-04 20:05:49,090 INFO o.s.w.s.h.AbstractHandlerMethodMapping$MappingRegistry [main] Mapped "{[/validasiOtp]}" onto public com.imi.dolphin.sdkwebservice.model.ExtensionResult com.imi.dolphin.sdkwebservice.controller.Controller.validasiOtp(com.imi.dolphin.sdkwebservice.model.ExtensionRequest)
2020-02-04 20:05:49,090 INFO o.s.w.s.h.AbstractHandlerMethodMapping$MappingRegistry [main] Mapped "{[/forms]}" onto public java.lang.String com.imi.dolphin.sdkwebservice.controller.Controller.getStarted()
2020-02-04 20:05:49,091 INFO o.s.w.s.h.AbstractHandlerMethodMapping$MappingRegistry [main] Mapped "{[/menuUtama]}" onto public com.imi.dolphin.sdkwebservice.model.ExtensionResult com.imi.dolphin.sdkwebservice.controller.Controller.menuUtama(com.imi.dolphin.sdkwebservice.model.ExtensionRequest)
2020-02-04 20:05:49,091 INFO o.s.w.s.h.AbstractHandlerMethodMapping$MappingRegistry [main] Mapped "{[/SendFeedback]}" onto public com.imi.dolphin.sdkwebservice.model.ExtensionResult com.imi.dolphin.sdkwebservice.controller.Controller.SendFeedback(com.imi.dolphin.sdkwebservice.model.ExtensionRequest)
2020-02-04 20:05:49,092 INFO o.s.w.s.h.AbstractHandlerMethodMapping$MappingRegistry [main] Mapped "{[/pingAuth]}" onto public com.imi.dolphin.sdkwebservice.model.ExtensionResult com.imi.dolphin.sdkwebservice.controller.Controller.doPingAuthRequest(com.imi.dolphin.sdkwebservice.model.ExtensionRequest)
2020-02-04 20:05:49,092 INFO o.s.w.s.h.AbstractHandlerMethodMapping$MappingRegistry [main] Mapped "{[/customers]}" onto public com.imi.dolphin.sdkwebservice.model.ExtensionResult com.imi.dolphin.sdkwebservice.controller.Controller.doQueryCustomerInfo(com.imi.dolphin.sdkwebservice.model.ExtensionRequest)
2020-02-04 20:05:49,093 INFO o.s.w.s.h.AbstractHandlerMethodMapping$MappingRegistry [main] Mapped "{[/modifycustomername]}" onto public com.imi.dolphin.sdkwebservice.model.ExtensionResult com.imi.dolphin.sdkwebservice.controller.Controller.doClearCustomerName(com.imi.dolphin.sdkwebservice.model.ExtensionRequest)
2020-02-04 20:05:49,093 INFO o.s.w.s.h.AbstractHandlerMethodMapping$MappingRegistry [main] Mapped "{[/productinfo]}" onto public com.imi.dolphin.sdkwebservice.model.ExtensionResult com.imi.dolphin.sdkwebservice.controller.Controller.doQueryProductInfo(com.imi.dolphin.sdkwebservice.model.ExtensionRequest)
2020-02-04 20:05:49,093 INFO o.s.w.s.h.AbstractHandlerMethodMapping$MappingRegistry [main] Mapped "{[/quickreplies]}" onto public com.imi.dolphin.sdkwebservice.model.ExtensionResult com.imi.dolphin.sdkwebservice.controller.Controller.doBuildQuickReplies(com.imi.dolphin.sdkwebservice.model.ExtensionRequest)
2020-02-04 20:05:49,094 INFO o.s.w.s.h.AbstractHandlerMethodMapping$MappingRegistry [main] Mapped "{[/transferAgent]}" onto public com.imi.dolphin.sdkwebservice.model.ExtensionResult com.imi.dolphin.sdkwebservice.controller.Controller.doTransferToAgent(com.imi.dolphin.sdkwebservice.model.ExtensionRequest)
2020-02-04 20:05:49,094 INFO o.s.w.s.h.AbstractHandlerMethodMapping$MappingRegistry [main] Mapped "{[/sendLocation]}" onto public com.imi.dolphin.sdkwebservice.model.ExtensionResult com.imi.dolphin.sdkwebservice.controller.Controller.doBuildSendLocation(com.imi.dolphin.sdkwebservice.model.ExtensionRequest)
2020-02-04 20:05:49,096 INFO o.s.w.s.h.AbstractHandlerMethodMapping$MappingRegistry [main] Mapped "{[/tanyaReportName]}" onto public com.imi.dolphin.sdkwebservice.model.ExtensionResult com.imi.dolphin.sdkwebservice.controller.ReportController.tanyaReportName(com.imi.dolphin.sdkwebservice.model.ExtensionRequest)
2020-02-04 20:05:49,096 INFO o.s.w.s.h.AbstractHandlerMethodMapping$MappingRegistry [main] Mapped "{[/getReport]}" onto public com.imi.dolphin.sdkwebservice.model.ExtensionResult com.imi.dolphin.sdkwebservice.controller.ReportController.getReport(com.imi.dolphin.sdkwebservice.model.ExtensionRequest)
2020-02-04 20:05:49,097 INFO o.s.w.s.h.AbstractHandlerMethodMapping$MappingRegistry [main] Mapped "{[/konfirmasiGroup]}" onto public com.imi.dolphin.sdkwebservice.model.ExtensionResult com.imi.dolphin.sdkwebservice.controller.ReportController.konfirmasiGroup(com.imi.dolphin.sdkwebservice.model.ExtensionRequest)
2020-02-04 20:05:49,097 INFO o.s.w.s.h.AbstractHandlerMethodMapping$MappingRegistry [main] Mapped "{[/tanyaKategori]}" onto public com.imi.dolphin.sdkwebservice.model.ExtensionResult com.imi.dolphin.sdkwebservice.controller.ReportController.tanyaKategori(com.imi.dolphin.sdkwebservice.model.ExtensionRequest)
2020-02-04 20:05:49,097 INFO o.s.w.s.h.AbstractHandlerMethodMapping$MappingRegistry [main] Mapped "{[/validasiReport]}" onto public com.imi.dolphin.sdkwebservice.model.ExtensionResult com.imi.dolphin.sdkwebservice.controller.ReportController.validasiReport(com.imi.dolphin.sdkwebservice.model.ExtensionRequest)
2020-02-04 20:05:49,098 INFO o.s.w.s.h.AbstractHandlerMethodMapping$MappingRegistry [main] Mapped "{[/tanyaGroup]}" onto public com.imi.dolphin.sdkwebservice.model.ExtensionResult com.imi.dolphin.sdkwebservice.controller.ReportController.tanyaGroup(com.imi.dolphin.sdkwebservice.model.ExtensionRequest)
2020-02-04 20:05:49,098 INFO o.s.w.s.h.AbstractHandlerMethodMapping$MappingRegistry [main] Mapped "{[/report_validasiNamaReport]}" onto public com.imi.dolphin.sdkwebservice.model.ExtensionResult com.imi.dolphin.sdkwebservice.controller.ReportController.report_validasiNamaReport(com.imi.dolphin.sdkwebservice.model.ExtensionRequest)
2020-02-04 20:05:49,098 INFO o.s.w.s.h.AbstractHandlerMethodMapping$MappingRegistry [main] Mapped "{[/pertanyaanPertama]}" onto public com.imi.dolphin.sdkwebservice.model.ExtensionResult com.imi.dolphin.sdkwebservice.controller.ReportController.pertanyaanPertama(com.imi.dolphin.sdkwebservice.model.ExtensionRequest)
2020-02-04 20:05:49,099 INFO o.s.w.s.h.AbstractHandlerMethodMapping$MappingRegistry [main] Mapped "{[/report_setFirstStatusCode]}" onto public com.imi.dolphin.sdkwebservice.model.ExtensionResult com.imi.dolphin.sdkwebservice.controller.ReportController.report_setFirstStatusCode(com.imi.dolphin.sdkwebservice.model.ExtensionRequest)
2020-02-04 20:05:49,099 INFO o.s.w.s.h.AbstractHandlerMethodMapping$MappingRegistry [main] Mapped "{[/report_namaReport]}" onto public com.imi.dolphin.sdkwebservice.model.ExtensionResult com.imi.dolphin.sdkwebservice.controller.ReportController.report_namaReport(com.imi.dolphin.sdkwebservice.model.ExtensionRequest)
2020-02-04 20:05:49,100 INFO o.s.w.s.h.AbstractHandlerMethodMapping$MappingRegistry [main] Mapped "{[/ReportLOCParam_getReport]}" onto public com.imi.dolphin.sdkwebservice.model.ExtensionResult com.imi.dolphin.sdkwebservice.controller.ReportLOCParamController.ReportLOCParam_getReport(com.imi.dolphin.sdkwebservice.model.ExtensionRequest)
2020-02-04 20:05:49,100 INFO o.s.w.s.h.AbstractHandlerMethodMapping$MappingRegistry [main] Mapped "{[/ReportLOCParam_KategoriRegion]}" onto public com.imi.dolphin.sdkwebservice.model.ExtensionResult com.imi.dolphin.sdkwebservice.controller.ReportLOCParamController.ReportLOCParam_KategoriRegion(com.imi.dolphin.sdkwebservice.model.ExtensionRequest)
2020-02-04 20:05:49,101 INFO o.s.w.s.h.AbstractHandlerMethodMapping$MappingRegistry [main] Mapped "{[/ReportLOCParam_Summary]}" onto public com.imi.dolphin.sdkwebservice.model.ExtensionResult com.imi.dolphin.sdkwebservice.controller.ReportLOCParamController.ReportLOCParam_Summary(com.imi.dolphin.sdkwebservice.model.ExtensionRequest)
2020-02-04 20:05:49,101 INFO o.s.w.s.h.AbstractHandlerMethodMapping$MappingRegistry [main] Mapped "{[/ReportLOCParam_KategoriArea]}" onto public com.imi.dolphin.sdkwebservice.model.ExtensionResult com.imi.dolphin.sdkwebservice.controller.ReportLOCParamController.ReportLOCParam_KategoriArea(com.imi.dolphin.sdkwebservice.model.ExtensionRequest)
2020-02-04 20:05:49,102 INFO o.s.w.s.h.AbstractHandlerMethodMapping$MappingRegistry [main] Mapped "{[/ReportLOCParam_tanyaSKU]}" onto public com.imi.dolphin.sdkwebservice.model.ExtensionResult com.imi.dolphin.sdkwebservice.controller.ReportLOCParamController.ReportLOCParam_tanyaSKU(com.imi.dolphin.sdkwebservice.model.ExtensionRequest)
2020-02-04 20:05:49,103 INFO o.s.w.s.h.AbstractHandlerMethodMapping$MappingRegistry [main] Mapped "{[/ReportSKUParam_KategoriGroupProduct]}" onto public com.imi.dolphin.sdkwebservice.model.ExtensionResult com.imi.dolphin.sdkwebservice.controller.ReportSKUParamController.ReportSKUParam_KategoriGroupProduct(com.imi.dolphin.sdkwebservice.model.ExtensionRequest)
2020-02-04 20:05:49,104 INFO o.s.w.s.h.AbstractHandlerMethodMapping$MappingRegistry [main] Mapped "{[/ReportSKUParam_Summary]}" onto public com.imi.dolphin.sdkwebservice.model.ExtensionResult com.imi.dolphin.sdkwebservice.controller.ReportSKUParamController.ReportSKUParam_Summary(com.imi.dolphin.sdkwebservice.model.ExtensionRequest)
2020-02-04 20:05:49,104 INFO o.s.w.s.h.AbstractHandlerMethodMapping$MappingRegistry [main] Mapped "{[/ReportSKUParam_getReport]}" onto public com.imi.dolphin.sdkwebservice.model.ExtensionResult com.imi.dolphin.sdkwebservice.controller.ReportSKUParamController.ReportSKUParam_getReport(com.imi.dolphin.sdkwebservice.model.ExtensionRequest)
2020-02-04 20:05:49,104 INFO o.s.w.s.h.AbstractHandlerMethodMapping$MappingRegistry [main] Mapped "{[/ReportSKUParam_tanyaSKU]}" onto public com.imi.dolphin.sdkwebservice.model.ExtensionResult com.imi.dolphin.sdkwebservice.controller.ReportSKUParamController.ReportSKUParam_tanyaSKU(com.imi.dolphin.sdkwebservice.model.ExtensionRequest)
2020-02-04 20:05:49,105 INFO o.s.w.s.h.AbstractHandlerMethodMapping$MappingRegistry [main] Mapped "{[/ReportWithoutParam_getReport]}" onto public com.imi.dolphin.sdkwebservice.model.ExtensionResult com.imi.dolphin.sdkwebservice.controller.ReportWithoutParamController.ReportWithoutParam_getReport(com.imi.dolphin.sdkwebservice.model.ExtensionRequest)
2020-02-04 20:05:49,106 INFO o.s.w.s.h.AbstractHandlerMethodMapping$MappingRegistry [main] Mapped "{[/sop_JenisDokumen]}" onto public com.imi.dolphin.sdkwebservice.model.ExtensionResult com.imi.dolphin.sdkwebservice.controller.SopController.sop_JenisDokumen(com.imi.dolphin.sdkwebservice.model.ExtensionRequest)
2020-02-04 20:05:49,106 INFO o.s.w.s.h.AbstractHandlerMethodMapping$MappingRegistry [main] Mapped "{[/sop_Divisi]}" onto public com.imi.dolphin.sdkwebservice.model.ExtensionResult com.imi.dolphin.sdkwebservice.controller.SopController.sop_Divisi(com.imi.dolphin.sdkwebservice.model.ExtensionRequest)
2020-02-04 20:05:49,106 INFO o.s.w.s.h.AbstractHandlerMethodMapping$MappingRegistry [main] Mapped "{[/sop_testGetList]}" onto public com.imi.dolphin.sdkwebservice.model.ExtensionResult com.imi.dolphin.sdkwebservice.controller.SopController.sop_testGetList(com.imi.dolphin.sdkwebservice.model.ExtensionRequest)
2020-02-04 20:05:49,107 INFO o.s.w.s.h.AbstractHandlerMethodMapping$MappingRegistry [main] Mapped "{[/sop_Company]}" onto public com.imi.dolphin.sdkwebservice.model.ExtensionResult com.imi.dolphin.sdkwebservice.controller.SopController.sop_Company(com.imi.dolphin.sdkwebservice.model.ExtensionRequest)
2020-02-04 20:05:49,107 INFO o.s.w.s.h.AbstractHandlerMethodMapping$MappingRegistry [main] Mapped "{[/sop_getSOP]}" onto public com.imi.dolphin.sdkwebservice.model.ExtensionResult com.imi.dolphin.sdkwebservice.controller.SopController.sop_getSOP(com.imi.dolphin.sdkwebservice.model.ExtensionRequest)
2020-02-04 20:05:49,107 INFO o.s.w.s.h.AbstractHandlerMethodMapping$MappingRegistry [main] Mapped "{[/sop_validasiSOP]}" onto public com.imi.dolphin.sdkwebservice.model.ExtensionResult com.imi.dolphin.sdkwebservice.controller.SopController.sop_validasiSOP(com.imi.dolphin.sdkwebservice.model.ExtensionRequest)
2020-02-04 20:05:49,107 INFO o.s.w.s.h.AbstractHandlerMethodMapping$MappingRegistry [main] Mapped "{[/sop_tanyaNamaDokumen]}" onto public com.imi.dolphin.sdkwebservice.model.ExtensionResult com.imi.dolphin.sdkwebservice.controller.SopController.sop_tanyaNamaDokumen(com.imi.dolphin.sdkwebservice.model.ExtensionRequest)
2020-02-04 20:05:49,108 INFO o.s.w.s.h.AbstractHandlerMethodMapping$MappingRegistry [main] Mapped "{[/sop_setFirstStatusCode]}" onto public com.imi.dolphin.sdkwebservice.model.ExtensionResult com.imi.dolphin.sdkwebservice.controller.SopController.sop_setFirstStatusCode(com.imi.dolphin.sdkwebservice.model.ExtensionRequest)
2020-02-04 20:05:49,111 INFO o.s.w.s.h.AbstractHandlerMethodMapping$MappingRegistry [main] Mapped "{[/error]}" onto public org.springframework.http.ResponseEntity<java.util.Map<java.lang.String, java.lang.Object>> org.springframework.boot.autoconfigure.web.servlet.error.BasicErrorController.error(javax.servlet.http.HttpServletRequest)
2020-02-04 20:05:49,111 INFO o.s.w.s.h.AbstractHandlerMethodMapping$MappingRegistry [main] Mapped "{[/error],produces=[text/html]}" onto public org.springframework.web.servlet.ModelAndView org.springframework.boot.autoconfigure.web.servlet.error.BasicErrorController.errorHtml(javax.servlet.http.HttpServletRequest,javax.servlet.http.HttpServletResponse)
2020-02-04 20:05:49,135 INFO o.s.w.s.h.AbstractUrlHandlerMapping [main] Mapped URL path [/webjars/**] onto handler of type [class org.springframework.web.servlet.resource.ResourceHttpRequestHandler]
2020-02-04 20:05:49,135 INFO o.s.w.s.h.AbstractUrlHandlerMapping [main] Mapped URL path [/**] onto handler of type [class org.springframework.web.servlet.resource.ResourceHttpRequestHandler]
2020-02-04 20:05:49,428 INFO o.s.b.a.e.w.EndpointLinksResolver [main] Exposing 2 endpoint(s) beneath base path '/actuator'
2020-02-04 20:05:49,439 INFO o.s.w.s.h.AbstractHandlerMethodMapping$MappingRegistry [main] Mapped "{[/actuator/health],methods=[GET],produces=[application/vnd.spring-boot.actuator.v2+json || application/json]}" onto public java.lang.Object org.springframework.boot.actuate.endpoint.web.servlet.AbstractWebMvcEndpointHandlerMapping$OperationHandler.handle(javax.servlet.http.HttpServletRequest,java.util.Map<java.lang.String, java.lang.String>)
2020-02-04 20:05:49,440 INFO o.s.w.s.h.AbstractHandlerMethodMapping$MappingRegistry [main] Mapped "{[/actuator/info],methods=[GET],produces=[application/vnd.spring-boot.actuator.v2+json || application/json]}" onto public java.lang.Object org.springframework.boot.actuate.endpoint.web.servlet.AbstractWebMvcEndpointHandlerMapping$OperationHandler.handle(javax.servlet.http.HttpServletRequest,java.util.Map<java.lang.String, java.lang.String>)
2020-02-04 20:05:49,441 INFO o.s.w.s.h.AbstractHandlerMethodMapping$MappingRegistry [main] Mapped "{[/actuator],methods=[GET],produces=[application/vnd.spring-boot.actuator.v2+json || application/json]}" onto protected java.util.Map<java.lang.String, java.util.Map<java.lang.String, org.springframework.boot.actuate.endpoint.web.Link>> org.springframework.boot.actuate.endpoint.web.servlet.WebMvcEndpointHandlerMapping.links(javax.servlet.http.HttpServletRequest,javax.servlet.http.HttpServletResponse)
2020-02-04 20:05:49,491 INFO o.s.j.e.MBeanExporter [main] Registering beans for JMX exposure on startup
2020-02-04 20:05:49,509 INFO o.a.j.l.DirectJDKLog [main] Starting ProtocolHandler ["http-nio-8081"]
2020-02-04 20:05:49,571 INFO o.a.j.l.DirectJDKLog [main] Using a shared selector for servlet write/read
2020-02-04 20:05:49,587 INFO o.s.b.w.e.t.TomcatWebServer [main] Tomcat started on port(s): 8081 (http) with context path ''
2020-02-04 20:05:49,591 INFO o.s.b.StartupInfoLogger [main] Started SdkWebserviceApplication in 6.383 seconds (JVM running for 7.541)
2020-02-04 20:06:10,146 INFO o.a.j.l.DirectJDKLog [http-nio-8081-exec-1] Initializing Spring FrameworkServlet 'dispatcherServlet'
2020-02-04 20:06:10,146 INFO o.s.w.s.FrameworkServlet [http-nio-8081-exec-1] FrameworkServlet 'dispatcherServlet': initialization started
2020-02-04 20:06:10,168 INFO o.s.w.s.FrameworkServlet [http-nio-8081-exec-1] FrameworkServlet 'dispatcherServlet': initialization completed in 22 ms
2020-02-04 20:06:10,500 DEBUG c.i.d.s.s.ServiceRatingFeedback [http-nio-8081-exec-1] SendFeedback() extension request: {}
2020-02-04 20:06:10,580 DEBUG c.i.d.s.u.MailUtil [http-nio-8081-exec-1] getMailSession() initialize mail session
2020-02-04 20:06:10,802 DEBUG c.i.d.s.s.MailServiceImp [http-nio-8081-exec-1] ============== Send OTP to Mail : FAILED ============
2020-02-04 20:07:16,644 DEBUG c.i.d.s.s.ServiceRatingFeedback [http-nio-8081-exec-5] SendFeedback() extension request: {}
2020-02-04 20:07:16,644 DEBUG c.i.d.s.u.MailUtil [http-nio-8081-exec-5] getMailSession() initialize mail session
2020-02-04 20:07:37,665 DEBUG c.i.d.s.s.MailServiceImp [http-nio-8081-exec-5] ============== Send OTP to Mail : FAILED ============
2020-02-04 20:07:49,901 DEBUG c.i.d.s.s.ServiceRatingFeedback [http-nio-8081-exec-6] SendFeedback() extension request: {}
2020-02-04 20:07:49,902 DEBUG c.i.d.s.u.MailUtil [http-nio-8081-exec-6] getMailSession() initialize mail session
2020-02-04 20:08:10,923 DEBUG c.i.d.s.s.MailServiceImp [http-nio-8081-exec-6] ============== Send OTP to Mail : FAILED ============
