2019-11-27 10:37:18,010 DEBUG c.i.d.s.SdkWebserviceApplication [main] SdkWebserviceApplication started...
2019-11-27 10:37:18,709 INFO o.s.b.StartupInfoLogger [main] Starting SdkWebserviceApplication on DESKTOP-3QJUVTC with PID 5592 (started by Deka in E:\Mitra Integrasi Informatika\Business Consulting Services(Product K2)\Project CHATBOT\Project Chatbot Garudafood\3Dolphins-SDK-master-19082019)
2019-11-27 10:37:18,709 DEBUG o.s.b.StartupInfoLogger [main] Running with Spring Boot v2.0.3.RELEASE, Spring v5.0.7.RELEASE
2019-11-27 10:37:18,710 INFO o.s.b.SpringApplication [main] No active profile set, falling back to default profiles: default
2019-11-27 10:37:18,754 INFO o.s.c.s.AbstractApplicationContext [main] Refreshing org.springframework.boot.web.servlet.context.AnnotationConfigServletWebServerApplicationContext@36d585c: startup date [Wed Nov 27 10:37:18 ICT 2019]; root of context hierarchy
2019-11-27 10:37:20,859 INFO o.s.b.w.e.t.TomcatWebServer [main] Tomcat initialized with port(s): 8081 (http)
2019-11-27 10:37:20,877 INFO o.a.j.l.DirectJDKLog [main] Initializing ProtocolHandler ["http-nio-8081"]
2019-11-27 10:37:20,900 INFO o.a.j.l.DirectJDKLog [main] Starting service [Tomcat]
2019-11-27 10:37:20,901 INFO o.a.j.l.DirectJDKLog [main] Starting Servlet Engine: Apache Tomcat/8.5.31
2019-11-27 10:37:20,911 INFO o.a.j.l.DirectJDKLog [localhost-startStop-1] The APR based Apache Tomcat Native library which allows optimal performance in production environments was not found on the java.library.path: [C:\Program Files\Java\jdk1.8.0_162\bin;C:\WINDOWS\Sun\Java\bin;C:\WINDOWS\system32;C:\WINDOWS;C:\Program Files (x86)\Common Files\Oracle\Java\javapath;C:\ProgramData\Oracle\Java\javapath;C:\Program Files (x86)\Intel\Intel(R) Management Engine Components\iCLS\;C:\Program Files\Intel\Intel(R) Management Engine Components\iCLS\;C:\Windows\system32;C:\Windows;C:\Windows\System32\Wbem;C:\Windows\System32\WindowsPowerShell\v1.0\;C:\Windows\System32\OpenSSH\;C:\Program Files (x86)\Intel\Intel(R) Management Engine Components\DAL;C:\Program Files\Intel\Intel(R) Management Engine Components\DAL;C:\Program Files (x86)\Intel\Intel(R) Management Engine Components\IPT;C:\Program Files\Intel\Intel(R) Management Engine Components\IPT;C:\Program Files (x86)\NVIDIA Corporation\PhysX\Common;C:\Program Files\Microsoft VS Code\bin;C:\Program Files (x86)\Microsoft SQL Server\90\Tools\binn\;C:\ProgramData\chocolatey\bin;C:\Program Files\nodejs\;%SystemRoot%\system32;%SystemRoot%;%SystemRoot%\System32\Wbem;%SYSTEMROOT%\System32\WindowsPowerShell\v1.0\;%SYSTEMROOT%\System32\OpenSSH\;C:\Users\Deka\AppData\Local\Microsoft\WindowsApps;C:\Users\Deka\AppData\Roaming\npm;C:\Users\Deka\AppData\Local\Android\sdk\platform-tools;;.]
2019-11-27 10:37:21,115 INFO o.a.j.l.DirectJDKLog [localhost-startStop-1] Initializing Spring embedded WebApplicationContext
2019-11-27 10:37:21,117 INFO o.s.b.w.s.c.ServletWebServerApplicationContext [localhost-startStop-1] Root WebApplicationContext: initialization completed in 2366 ms
2019-11-27 10:37:21,856 INFO o.s.b.w.s.ServletRegistrationBean [localhost-startStop-1] Servlet dispatcherServlet mapped to [/]
2019-11-27 10:37:21,857 INFO o.s.b.w.s.AbstractFilterRegistrationBean [localhost-startStop-1] Mapping filter: 'characterEncodingFilter' to: [/*]
2019-11-27 10:37:21,861 INFO o.s.b.w.s.AbstractFilterRegistrationBean [localhost-startStop-1] Mapping filter: 'hiddenHttpMethodFilter' to: [/*]
2019-11-27 10:37:21,861 INFO o.s.b.w.s.AbstractFilterRegistrationBean [localhost-startStop-1] Mapping filter: 'httpPutFormContentFilter' to: [/*]
2019-11-27 10:37:21,861 INFO o.s.b.w.s.AbstractFilterRegistrationBean [localhost-startStop-1] Mapping filter: 'requestContextFilter' to: [/*]
2019-11-27 10:37:21,862 INFO o.s.b.w.s.AbstractFilterRegistrationBean [localhost-startStop-1] Mapping filter: 'httpTraceFilter' to: [/*]
2019-11-27 10:37:21,862 INFO o.s.b.w.s.AbstractFilterRegistrationBean [localhost-startStop-1] Mapping filter: 'webMvcMetricsFilter' to: [/*]
2019-11-27 10:37:22,164 INFO o.s.w.s.h.AbstractUrlHandlerMapping [main] Mapped URL path [/**/favicon.ico] onto handler of type [class org.springframework.web.servlet.resource.ResourceHttpRequestHandler]
2019-11-27 10:37:22,369 INFO o.s.w.s.m.m.a.RequestMappingHandlerAdapter [main] Looking for @ControllerAdvice: org.springframework.boot.web.servlet.context.AnnotationConfigServletWebServerApplicationContext@36d585c: startup date [Wed Nov 27 10:37:18 ICT 2019]; root of context hierarchy
2019-11-27 10:37:22,502 INFO o.s.w.s.h.AbstractHandlerMethodMapping$MappingRegistry [main] Mapped "{[/transferAgent]}" onto public com.imi.dolphin.sdkwebservice.model.ExtensionResult com.imi.dolphin.sdkwebservice.controller.Controller.doTransferToAgent(com.imi.dolphin.sdkwebservice.model.ExtensionRequest)
2019-11-27 10:37:22,504 INFO o.s.w.s.h.AbstractHandlerMethodMapping$MappingRegistry [main] Mapped "{[/quickreplies]}" onto public com.imi.dolphin.sdkwebservice.model.ExtensionResult com.imi.dolphin.sdkwebservice.controller.Controller.doBuildQuickReplies(com.imi.dolphin.sdkwebservice.model.ExtensionRequest)
2019-11-27 10:37:22,505 INFO o.s.w.s.h.AbstractHandlerMethodMapping$MappingRegistry [main] Mapped "{[/sendLocation]}" onto public com.imi.dolphin.sdkwebservice.model.ExtensionResult com.imi.dolphin.sdkwebservice.controller.Controller.doBuildSendLocation(com.imi.dolphin.sdkwebservice.model.ExtensionRequest)
2019-11-27 10:37:22,505 INFO o.s.w.s.h.AbstractHandlerMethodMapping$MappingRegistry [main] Mapped "{[/pingAuth]}" onto public com.imi.dolphin.sdkwebservice.model.ExtensionResult com.imi.dolphin.sdkwebservice.controller.Controller.doPingAuthRequest(com.imi.dolphin.sdkwebservice.model.ExtensionRequest)
2019-11-27 10:37:22,506 INFO o.s.w.s.h.AbstractHandlerMethodMapping$MappingRegistry [main] Mapped "{[/customers]}" onto public com.imi.dolphin.sdkwebservice.model.ExtensionResult com.imi.dolphin.sdkwebservice.controller.Controller.doQueryCustomerInfo(com.imi.dolphin.sdkwebservice.model.ExtensionRequest)
2019-11-27 10:37:22,507 INFO o.s.w.s.h.AbstractHandlerMethodMapping$MappingRegistry [main] Mapped "{[/modifycustomername]}" onto public com.imi.dolphin.sdkwebservice.model.ExtensionResult com.imi.dolphin.sdkwebservice.controller.Controller.doClearCustomerName(com.imi.dolphin.sdkwebservice.model.ExtensionRequest)
2019-11-27 10:37:22,507 INFO o.s.w.s.h.AbstractHandlerMethodMapping$MappingRegistry [main] Mapped "{[/productinfo]}" onto public com.imi.dolphin.sdkwebservice.model.ExtensionResult com.imi.dolphin.sdkwebservice.controller.Controller.doQueryProductInfo(com.imi.dolphin.sdkwebservice.model.ExtensionRequest)
2019-11-27 10:37:22,508 INFO o.s.w.s.h.AbstractHandlerMethodMapping$MappingRegistry [main] Mapped "{[/sendMail]}" onto public com.imi.dolphin.sdkwebservice.model.ExtensionResult com.imi.dolphin.sdkwebservice.controller.Controller.doSendMail(com.imi.dolphin.sdkwebservice.model.ExtensionRequest)
2019-11-27 10:37:22,508 INFO o.s.w.s.h.AbstractHandlerMethodMapping$MappingRegistry [main] Mapped "{[/validasiOtp]}" onto public com.imi.dolphin.sdkwebservice.model.ExtensionResult com.imi.dolphin.sdkwebservice.controller.Controller.validasiOtp(com.imi.dolphin.sdkwebservice.model.ExtensionRequest)
2019-11-27 10:37:22,509 INFO o.s.w.s.h.AbstractHandlerMethodMapping$MappingRegistry [main] Mapped "{[/carousel]}" onto public com.imi.dolphin.sdkwebservice.model.ExtensionResult com.imi.dolphin.sdkwebservice.controller.Controller.doBuildCarousel(com.imi.dolphin.sdkwebservice.model.ExtensionRequest)
2019-11-27 10:37:22,509 INFO o.s.w.s.h.AbstractHandlerMethodMapping$MappingRegistry [main] Mapped "{[/menuUtama]}" onto public com.imi.dolphin.sdkwebservice.model.ExtensionResult com.imi.dolphin.sdkwebservice.controller.Controller.menuUtama(com.imi.dolphin.sdkwebservice.model.ExtensionRequest)
2019-11-27 10:37:22,511 INFO o.s.w.s.h.AbstractHandlerMethodMapping$MappingRegistry [main] Mapped "{[/status]}" onto public com.imi.dolphin.sdkwebservice.model.ExtensionResult com.imi.dolphin.sdkwebservice.controller.Controller.doGetSrnResult(com.imi.dolphin.sdkwebservice.model.ExtensionRequest)
2019-11-27 10:37:22,511 INFO o.s.w.s.h.AbstractHandlerMethodMapping$MappingRegistry [main] Mapped "{[/messages]}" onto public com.imi.dolphin.sdkwebservice.model.ExtensionResult com.imi.dolphin.sdkwebservice.controller.Controller.doGetMessages(com.imi.dolphin.sdkwebservice.model.ExtensionRequest)
2019-11-27 10:37:22,512 INFO o.s.w.s.h.AbstractHandlerMethodMapping$MappingRegistry [main] Mapped "{[/tanyaUsername]}" onto public com.imi.dolphin.sdkwebservice.model.ExtensionResult com.imi.dolphin.sdkwebservice.controller.Controller.tanyaUsername(com.imi.dolphin.sdkwebservice.model.ExtensionRequest)
2019-11-27 10:37:22,512 INFO o.s.w.s.h.AbstractHandlerMethodMapping$MappingRegistry [main] Mapped "{[/image]}" onto public com.imi.dolphin.sdkwebservice.model.ExtensionResult com.imi.dolphin.sdkwebservice.controller.Controller.doBuildImage(com.imi.dolphin.sdkwebservice.model.ExtensionRequest)
2019-11-27 10:37:22,513 INFO o.s.w.s.h.AbstractHandlerMethodMapping$MappingRegistry [main] Mapped "{[/getUserLdap]}" onto public com.imi.dolphin.sdkwebservice.model.ExtensionResult com.imi.dolphin.sdkwebservice.controller.Controller.getUserLdap(com.imi.dolphin.sdkwebservice.model.ExtensionRequest)
2019-11-27 10:37:22,514 INFO o.s.w.s.h.AbstractHandlerMethodMapping$MappingRegistry [main] Mapped "{[/form]}" onto public com.imi.dolphin.sdkwebservice.model.ExtensionResult com.imi.dolphin.sdkwebservice.controller.Controller.doBuildForm(com.imi.dolphin.sdkwebservice.model.ExtensionRequest)
2019-11-27 10:37:22,514 INFO o.s.w.s.h.AbstractHandlerMethodMapping$MappingRegistry [main] Mapped "{[/button]}" onto public com.imi.dolphin.sdkwebservice.model.ExtensionResult com.imi.dolphin.sdkwebservice.controller.Controller.doBuildButton(com.imi.dolphin.sdkwebservice.model.ExtensionRequest)
2019-11-27 10:37:22,515 INFO o.s.w.s.h.AbstractHandlerMethodMapping$MappingRegistry [main] Mapped "{[/forms]}" onto public java.lang.String com.imi.dolphin.sdkwebservice.controller.Controller.getStarted()
2019-11-27 10:37:22,515 INFO o.s.w.s.h.AbstractHandlerMethodMapping$MappingRegistry [main] Mapped "{[/ping]}" onto public com.imi.dolphin.sdkwebservice.model.ExtensionResult com.imi.dolphin.sdkwebservice.controller.Controller.doPingRequest(com.imi.dolphin.sdkwebservice.model.ExtensionRequest)
2019-11-27 10:37:22,516 INFO o.s.w.s.h.AbstractHandlerMethodMapping$MappingRegistry [main] Mapped "{[/menuUtamaGeneral]}" onto public com.imi.dolphin.sdkwebservice.model.ExtensionResult com.imi.dolphin.sdkwebservice.controller.Controller.menuUtamaGeneral(com.imi.dolphin.sdkwebservice.model.ExtensionRequest)
2019-11-27 10:37:22,517 INFO o.s.w.s.h.AbstractHandlerMethodMapping$MappingRegistry [main] Mapped "{[/dailyProductionVsSales_setFirstStatusCode]}" onto public com.imi.dolphin.sdkwebservice.model.ExtensionResult com.imi.dolphin.sdkwebservice.controller.DailyProductionVsSalesController.dailyProductionVsSales_setFirstStatusCode(com.imi.dolphin.sdkwebservice.model.ExtensionRequest)
2019-11-27 10:37:22,518 INFO o.s.w.s.h.AbstractHandlerMethodMapping$MappingRegistry [main] Mapped "{[/dailyProductionVsSales_validasiReport]}" onto public com.imi.dolphin.sdkwebservice.model.ExtensionResult com.imi.dolphin.sdkwebservice.controller.DailyProductionVsSalesController.dailyProductionVsSales_validasiReport(com.imi.dolphin.sdkwebservice.model.ExtensionRequest)
2019-11-27 10:37:22,519 INFO o.s.w.s.h.AbstractHandlerMethodMapping$MappingRegistry [main] Mapped "{[/dailyProductionVsSales_KategoriGroupProduct]}" onto public com.imi.dolphin.sdkwebservice.model.ExtensionResult com.imi.dolphin.sdkwebservice.controller.DailyProductionVsSalesController.dailyProductionVsSales_KategoriGroupProduct(com.imi.dolphin.sdkwebservice.model.ExtensionRequest)
2019-11-27 10:37:22,520 INFO o.s.w.s.h.AbstractHandlerMethodMapping$MappingRegistry [main] Mapped "{[/dailyProductionVsSales_Summary]}" onto public com.imi.dolphin.sdkwebservice.model.ExtensionResult com.imi.dolphin.sdkwebservice.controller.DailyProductionVsSalesController.dailyProductionVsSales_Summary(com.imi.dolphin.sdkwebservice.model.ExtensionRequest)
2019-11-27 10:37:22,520 INFO o.s.w.s.h.AbstractHandlerMethodMapping$MappingRegistry [main] Mapped "{[/dailyProductionVsSales_tanyaSKU]}" onto public com.imi.dolphin.sdkwebservice.model.ExtensionResult com.imi.dolphin.sdkwebservice.controller.DailyProductionVsSalesController.dailyProductionVsSales_tanyaSKU(com.imi.dolphin.sdkwebservice.model.ExtensionRequest)
2019-11-27 10:37:22,520 INFO o.s.w.s.h.AbstractHandlerMethodMapping$MappingRegistry [main] Mapped "{[/dailyProductionVsSales_getReport]}" onto public com.imi.dolphin.sdkwebservice.model.ExtensionResult com.imi.dolphin.sdkwebservice.controller.DailyProductionVsSalesController.dailyProductionVsSales_getReport(com.imi.dolphin.sdkwebservice.model.ExtensionRequest)
2019-11-27 10:37:22,520 INFO o.s.w.s.h.AbstractHandlerMethodMapping$MappingRegistry [main] Mapped "{[/dailyStockByLOC_setFirstStatusCode]}" onto public com.imi.dolphin.sdkwebservice.model.ExtensionResult com.imi.dolphin.sdkwebservice.controller.DailyStockByLOCController.dailyStockByLOC_setFirstStatusCode(com.imi.dolphin.sdkwebservice.model.ExtensionRequest)
2019-11-27 10:37:22,520 INFO o.s.w.s.h.AbstractHandlerMethodMapping$MappingRegistry [main] Mapped "{[/dailyStockByLOC_tanyaSKU]}" onto public com.imi.dolphin.sdkwebservice.model.ExtensionResult com.imi.dolphin.sdkwebservice.controller.DailyStockByLOCController.dailyStockByLOC_tanyaSKU(com.imi.dolphin.sdkwebservice.model.ExtensionRequest)
2019-11-27 10:37:22,520 INFO o.s.w.s.h.AbstractHandlerMethodMapping$MappingRegistry [main] Mapped "{[/dailyStockByLOC_Summary]}" onto public com.imi.dolphin.sdkwebservice.model.ExtensionResult com.imi.dolphin.sdkwebservice.controller.DailyStockByLOCController.dailyStockByLOC_Summary(com.imi.dolphin.sdkwebservice.model.ExtensionRequest)
2019-11-27 10:37:22,524 INFO o.s.w.s.h.AbstractHandlerMethodMapping$MappingRegistry [main] Mapped "{[/dailyStockByLOC_KategoriArea]}" onto public com.imi.dolphin.sdkwebservice.model.ExtensionResult com.imi.dolphin.sdkwebservice.controller.DailyStockByLOCController.dailyStockByLOC_KategoriArea(com.imi.dolphin.sdkwebservice.model.ExtensionRequest)
2019-11-27 10:37:22,524 INFO o.s.w.s.h.AbstractHandlerMethodMapping$MappingRegistry [main] Mapped "{[/dailyStockByLOC_KategoriRegion]}" onto public com.imi.dolphin.sdkwebservice.model.ExtensionResult com.imi.dolphin.sdkwebservice.controller.DailyStockByLOCController.dailyStockByLOC_KategoriRegion(com.imi.dolphin.sdkwebservice.model.ExtensionRequest)
2019-11-27 10:37:22,524 INFO o.s.w.s.h.AbstractHandlerMethodMapping$MappingRegistry [main] Mapped "{[/dailyStockByLOC_getReport]}" onto public com.imi.dolphin.sdkwebservice.model.ExtensionResult com.imi.dolphin.sdkwebservice.controller.DailyStockByLOCController.dailyStockByLOC_getReport(com.imi.dolphin.sdkwebservice.model.ExtensionRequest)
2019-11-27 10:37:22,524 INFO o.s.w.s.h.AbstractHandlerMethodMapping$MappingRegistry [main] Mapped "{[/dailyStockByLOC_validasiReport]}" onto public com.imi.dolphin.sdkwebservice.model.ExtensionResult com.imi.dolphin.sdkwebservice.controller.DailyStockByLOCController.dailyStockByLOC_validasiReport(com.imi.dolphin.sdkwebservice.model.ExtensionRequest)
2019-11-27 10:37:22,528 INFO o.s.w.s.h.AbstractHandlerMethodMapping$MappingRegistry [main] Mapped "{[/dailyStockBySKU_setFirstStatusCode]}" onto public com.imi.dolphin.sdkwebservice.model.ExtensionResult com.imi.dolphin.sdkwebservice.controller.DailyStockBySKUController.dailyStockBySKU_setFirstStatusCode(com.imi.dolphin.sdkwebservice.model.ExtensionRequest)
2019-11-27 10:37:22,528 INFO o.s.w.s.h.AbstractHandlerMethodMapping$MappingRegistry [main] Mapped "{[/dailyStockBySKU_KategoriGroupProduct]}" onto public com.imi.dolphin.sdkwebservice.model.ExtensionResult com.imi.dolphin.sdkwebservice.controller.DailyStockBySKUController.dailyStockBySKU_KategoriGroupProduct(com.imi.dolphin.sdkwebservice.model.ExtensionRequest)
2019-11-27 10:37:22,531 INFO o.s.w.s.h.AbstractHandlerMethodMapping$MappingRegistry [main] Mapped "{[/dailyStockBySKU_getReport]}" onto public com.imi.dolphin.sdkwebservice.model.ExtensionResult com.imi.dolphin.sdkwebservice.controller.DailyStockBySKUController.dailyStockBySKU_getReport(com.imi.dolphin.sdkwebservice.model.ExtensionRequest)
2019-11-27 10:37:22,531 INFO o.s.w.s.h.AbstractHandlerMethodMapping$MappingRegistry [main] Mapped "{[/dailyStockBySKU_validasiReport]}" onto public com.imi.dolphin.sdkwebservice.model.ExtensionResult com.imi.dolphin.sdkwebservice.controller.DailyStockBySKUController.dailyStockBySKU_validasiReport(com.imi.dolphin.sdkwebservice.model.ExtensionRequest)
2019-11-27 10:37:22,531 INFO o.s.w.s.h.AbstractHandlerMethodMapping$MappingRegistry [main] Mapped "{[/dailyStockBySKU_Summary]}" onto public com.imi.dolphin.sdkwebservice.model.ExtensionResult com.imi.dolphin.sdkwebservice.controller.DailyStockBySKUController.dailyStockBySKU_Summary(com.imi.dolphin.sdkwebservice.model.ExtensionRequest)
2019-11-27 10:37:22,533 INFO o.s.w.s.h.AbstractHandlerMethodMapping$MappingRegistry [main] Mapped "{[/dailyStockBySKU_tanyaSKU]}" onto public com.imi.dolphin.sdkwebservice.model.ExtensionResult com.imi.dolphin.sdkwebservice.controller.DailyStockBySKUController.dailyStockBySKU_tanyaSKU(com.imi.dolphin.sdkwebservice.model.ExtensionRequest)
2019-11-27 10:37:22,534 INFO o.s.w.s.h.AbstractHandlerMethodMapping$MappingRegistry [main] Mapped "{[/otd1Ofr1ByWeek_PeriodeShipment_validasiReport]}" onto public com.imi.dolphin.sdkwebservice.model.ExtensionResult com.imi.dolphin.sdkwebservice.controller.OTD1OFR1ByWeek_PeriodeShipmentController.otd1Ofr1ByWeek_PeriodeShipment_validasiReport(com.imi.dolphin.sdkwebservice.model.ExtensionRequest)
2019-11-27 10:37:22,534 INFO o.s.w.s.h.AbstractHandlerMethodMapping$MappingRegistry [main] Mapped "{[/otd1Ofr1ByWeek_PeriodeShipment_tanyaSKU]}" onto public com.imi.dolphin.sdkwebservice.model.ExtensionResult com.imi.dolphin.sdkwebservice.controller.OTD1OFR1ByWeek_PeriodeShipmentController.otd1Ofr1ByWeek_PeriodeShipment_tanyaSKU(com.imi.dolphin.sdkwebservice.model.ExtensionRequest)
2019-11-27 10:37:22,536 INFO o.s.w.s.h.AbstractHandlerMethodMapping$MappingRegistry [main] Mapped "{[/otd1Ofr1ByWeek_PeriodeShipment_Summary]}" onto public com.imi.dolphin.sdkwebservice.model.ExtensionResult com.imi.dolphin.sdkwebservice.controller.OTD1OFR1ByWeek_PeriodeShipmentController.otd1Ofr1ByWeek_PeriodeShipment_Summary(com.imi.dolphin.sdkwebservice.model.ExtensionRequest)
2019-11-27 10:37:22,536 INFO o.s.w.s.h.AbstractHandlerMethodMapping$MappingRegistry [main] Mapped "{[/otd1Ofr1ByWeek_PeriodeShipment_getReport]}" onto public com.imi.dolphin.sdkwebservice.model.ExtensionResult com.imi.dolphin.sdkwebservice.controller.OTD1OFR1ByWeek_PeriodeShipmentController.otd1Ofr1ByWeek_PeriodeShipment_getReport(com.imi.dolphin.sdkwebservice.model.ExtensionRequest)
2019-11-27 10:37:22,536 INFO o.s.w.s.h.AbstractHandlerMethodMapping$MappingRegistry [main] Mapped "{[/otd1Ofr1ByWeek_PeriodeShipment_KategoriGroupProduct]}" onto public com.imi.dolphin.sdkwebservice.model.ExtensionResult com.imi.dolphin.sdkwebservice.controller.OTD1OFR1ByWeek_PeriodeShipmentController.otd1Ofr1ByWeek_PeriodeShipment_KategoriGroupProduct(com.imi.dolphin.sdkwebservice.model.ExtensionRequest)
2019-11-27 10:37:22,536 INFO o.s.w.s.h.AbstractHandlerMethodMapping$MappingRegistry [main] Mapped "{[/otd1Ofr1ByWeek_PeriodeShipment_setFirstStatusCode]}" onto public com.imi.dolphin.sdkwebservice.model.ExtensionResult com.imi.dolphin.sdkwebservice.controller.OTD1OFR1ByWeek_PeriodeShipmentController.otd1Ofr1ByWeek_PeriodeShipment_setFirstStatusCode(com.imi.dolphin.sdkwebservice.model.ExtensionRequest)
2019-11-27 10:37:22,541 INFO o.s.w.s.h.AbstractHandlerMethodMapping$MappingRegistry [main] Mapped "{[/report_setFirstStatusCode]}" onto public com.imi.dolphin.sdkwebservice.model.ExtensionResult com.imi.dolphin.sdkwebservice.controller.ReportController.report_setFirstStatusCode(com.imi.dolphin.sdkwebservice.model.ExtensionRequest)
2019-11-27 10:37:22,542 INFO o.s.w.s.h.AbstractHandlerMethodMapping$MappingRegistry [main] Mapped "{[/report_validasiNamaReport]}" onto public com.imi.dolphin.sdkwebservice.model.ExtensionResult com.imi.dolphin.sdkwebservice.controller.ReportController.report_validasiNamaReport(com.imi.dolphin.sdkwebservice.model.ExtensionRequest)
2019-11-27 10:37:22,542 INFO o.s.w.s.h.AbstractHandlerMethodMapping$MappingRegistry [main] Mapped "{[/pertanyaanPertama]}" onto public com.imi.dolphin.sdkwebservice.model.ExtensionResult com.imi.dolphin.sdkwebservice.controller.ReportController.pertanyaanPertama(com.imi.dolphin.sdkwebservice.model.ExtensionRequest)
2019-11-27 10:37:22,543 INFO o.s.w.s.h.AbstractHandlerMethodMapping$MappingRegistry [main] Mapped "{[/report_namaReport]}" onto public com.imi.dolphin.sdkwebservice.model.ExtensionResult com.imi.dolphin.sdkwebservice.controller.ReportController.report_namaReport(com.imi.dolphin.sdkwebservice.model.ExtensionRequest)
2019-11-27 10:37:22,544 INFO o.s.w.s.h.AbstractHandlerMethodMapping$MappingRegistry [main] Mapped "{[/tanyaKategori]}" onto public com.imi.dolphin.sdkwebservice.model.ExtensionResult com.imi.dolphin.sdkwebservice.controller.ReportController.tanyaKategori(com.imi.dolphin.sdkwebservice.model.ExtensionRequest)
2019-11-27 10:37:22,544 INFO o.s.w.s.h.AbstractHandlerMethodMapping$MappingRegistry [main] Mapped "{[/konfirmasiGroup]}" onto public com.imi.dolphin.sdkwebservice.model.ExtensionResult com.imi.dolphin.sdkwebservice.controller.ReportController.konfirmasiGroup(com.imi.dolphin.sdkwebservice.model.ExtensionRequest)
2019-11-27 10:37:22,545 INFO o.s.w.s.h.AbstractHandlerMethodMapping$MappingRegistry [main] Mapped "{[/tanyaReportName]}" onto public com.imi.dolphin.sdkwebservice.model.ExtensionResult com.imi.dolphin.sdkwebservice.controller.ReportController.tanyaReportName(com.imi.dolphin.sdkwebservice.model.ExtensionRequest)
2019-11-27 10:37:22,546 INFO o.s.w.s.h.AbstractHandlerMethodMapping$MappingRegistry [main] Mapped "{[/validasiReport]}" onto public com.imi.dolphin.sdkwebservice.model.ExtensionResult com.imi.dolphin.sdkwebservice.controller.ReportController.validasiReport(com.imi.dolphin.sdkwebservice.model.ExtensionRequest)
2019-11-27 10:37:22,546 INFO o.s.w.s.h.AbstractHandlerMethodMapping$MappingRegistry [main] Mapped "{[/getReport]}" onto public com.imi.dolphin.sdkwebservice.model.ExtensionResult com.imi.dolphin.sdkwebservice.controller.ReportController.getReport(com.imi.dolphin.sdkwebservice.model.ExtensionRequest)
2019-11-27 10:37:22,547 INFO o.s.w.s.h.AbstractHandlerMethodMapping$MappingRegistry [main] Mapped "{[/tanyaGroup]}" onto public com.imi.dolphin.sdkwebservice.model.ExtensionResult com.imi.dolphin.sdkwebservice.controller.ReportController.tanyaGroup(com.imi.dolphin.sdkwebservice.model.ExtensionRequest)
2019-11-27 10:37:22,548 INFO o.s.w.s.h.AbstractHandlerMethodMapping$MappingRegistry [main] Mapped "{[/sop_tanyaNamaDokumen]}" onto public com.imi.dolphin.sdkwebservice.model.ExtensionResult com.imi.dolphin.sdkwebservice.controller.SopController.sop_tanyaNamaDokumen(com.imi.dolphin.sdkwebservice.model.ExtensionRequest)
2019-11-27 10:37:22,548 INFO o.s.w.s.h.AbstractHandlerMethodMapping$MappingRegistry [main] Mapped "{[/sop_setFirstStatusCode]}" onto public com.imi.dolphin.sdkwebservice.model.ExtensionResult com.imi.dolphin.sdkwebservice.controller.SopController.sop_setFirstStatusCode(com.imi.dolphin.sdkwebservice.model.ExtensionRequest)
2019-11-27 10:37:22,548 INFO o.s.w.s.h.AbstractHandlerMethodMapping$MappingRegistry [main] Mapped "{[/sop_Company]}" onto public com.imi.dolphin.sdkwebservice.model.ExtensionResult com.imi.dolphin.sdkwebservice.controller.SopController.sop_Company(com.imi.dolphin.sdkwebservice.model.ExtensionRequest)
2019-11-27 10:37:22,548 INFO o.s.w.s.h.AbstractHandlerMethodMapping$MappingRegistry [main] Mapped "{[/sop_getSOP]}" onto public com.imi.dolphin.sdkwebservice.model.ExtensionResult com.imi.dolphin.sdkwebservice.controller.SopController.sop_getSOP(com.imi.dolphin.sdkwebservice.model.ExtensionRequest)
2019-11-27 10:37:22,548 INFO o.s.w.s.h.AbstractHandlerMethodMapping$MappingRegistry [main] Mapped "{[/sop_Divisi]}" onto public com.imi.dolphin.sdkwebservice.model.ExtensionResult com.imi.dolphin.sdkwebservice.controller.SopController.sop_Divisi(com.imi.dolphin.sdkwebservice.model.ExtensionRequest)
2019-11-27 10:37:22,552 INFO o.s.w.s.h.AbstractHandlerMethodMapping$MappingRegistry [main] Mapped "{[/sop_JenisDokumen]}" onto public com.imi.dolphin.sdkwebservice.model.ExtensionResult com.imi.dolphin.sdkwebservice.controller.SopController.sop_JenisDokumen(com.imi.dolphin.sdkwebservice.model.ExtensionRequest)
2019-11-27 10:37:22,552 INFO o.s.w.s.h.AbstractHandlerMethodMapping$MappingRegistry [main] Mapped "{[/sop_testGetList]}" onto public com.imi.dolphin.sdkwebservice.model.ExtensionResult com.imi.dolphin.sdkwebservice.controller.SopController.sop_testGetList(com.imi.dolphin.sdkwebservice.model.ExtensionRequest)
2019-11-27 10:37:22,552 INFO o.s.w.s.h.AbstractHandlerMethodMapping$MappingRegistry [main] Mapped "{[/sop_validasiSOP]}" onto public com.imi.dolphin.sdkwebservice.model.ExtensionResult com.imi.dolphin.sdkwebservice.controller.SopController.sop_validasiSOP(com.imi.dolphin.sdkwebservice.model.ExtensionRequest)
2019-11-27 10:37:22,557 INFO o.s.w.s.h.AbstractHandlerMethodMapping$MappingRegistry [main] Mapped "{[/error]}" onto public org.springframework.http.ResponseEntity<java.util.Map<java.lang.String, java.lang.Object>> org.springframework.boot.autoconfigure.web.servlet.error.BasicErrorController.error(javax.servlet.http.HttpServletRequest)
2019-11-27 10:37:22,557 INFO o.s.w.s.h.AbstractHandlerMethodMapping$MappingRegistry [main] Mapped "{[/error],produces=[text/html]}" onto public org.springframework.web.servlet.ModelAndView org.springframework.boot.autoconfigure.web.servlet.error.BasicErrorController.errorHtml(javax.servlet.http.HttpServletRequest,javax.servlet.http.HttpServletResponse)
2019-11-27 10:37:22,599 INFO o.s.w.s.h.AbstractUrlHandlerMapping [main] Mapped URL path [/webjars/**] onto handler of type [class org.springframework.web.servlet.resource.ResourceHttpRequestHandler]
2019-11-27 10:37:22,600 INFO o.s.w.s.h.AbstractUrlHandlerMapping [main] Mapped URL path [/**] onto handler of type [class org.springframework.web.servlet.resource.ResourceHttpRequestHandler]
2019-11-27 10:37:23,022 INFO o.s.b.a.e.w.EndpointLinksResolver [main] Exposing 2 endpoint(s) beneath base path '/actuator'
2019-11-27 10:37:23,029 INFO o.s.w.s.h.AbstractHandlerMethodMapping$MappingRegistry [main] Mapped "{[/actuator/health],methods=[GET],produces=[application/vnd.spring-boot.actuator.v2+json || application/json]}" onto public java.lang.Object org.springframework.boot.actuate.endpoint.web.servlet.AbstractWebMvcEndpointHandlerMapping$OperationHandler.handle(javax.servlet.http.HttpServletRequest,java.util.Map<java.lang.String, java.lang.String>)
2019-11-27 10:37:23,033 INFO o.s.w.s.h.AbstractHandlerMethodMapping$MappingRegistry [main] Mapped "{[/actuator/info],methods=[GET],produces=[application/vnd.spring-boot.actuator.v2+json || application/json]}" onto public java.lang.Object org.springframework.boot.actuate.endpoint.web.servlet.AbstractWebMvcEndpointHandlerMapping$OperationHandler.handle(javax.servlet.http.HttpServletRequest,java.util.Map<java.lang.String, java.lang.String>)
2019-11-27 10:37:23,034 INFO o.s.w.s.h.AbstractHandlerMethodMapping$MappingRegistry [main] Mapped "{[/actuator],methods=[GET],produces=[application/vnd.spring-boot.actuator.v2+json || application/json]}" onto protected java.util.Map<java.lang.String, java.util.Map<java.lang.String, org.springframework.boot.actuate.endpoint.web.Link>> org.springframework.boot.actuate.endpoint.web.servlet.WebMvcEndpointHandlerMapping.links(javax.servlet.http.HttpServletRequest,javax.servlet.http.HttpServletResponse)
2019-11-27 10:37:23,086 INFO o.s.j.e.MBeanExporter [main] Registering beans for JMX exposure on startup
2019-11-27 10:37:23,110 INFO o.a.j.l.DirectJDKLog [main] Starting ProtocolHandler ["http-nio-8081"]
2019-11-27 10:37:23,202 INFO o.a.j.l.DirectJDKLog [main] Using a shared selector for servlet write/read
2019-11-27 10:37:23,214 INFO o.s.b.w.e.t.TomcatWebServer [main] Tomcat started on port(s): 8081 (http) with context path ''
2019-11-27 10:37:23,221 INFO o.s.b.StartupInfoLogger [main] Started SdkWebserviceApplication in 5.07 seconds (JVM running for 5.976)
2019-11-27 10:40:29,088 INFO o.a.j.l.DirectJDKLog [http-nio-8081-exec-1] Initializing Spring FrameworkServlet 'dispatcherServlet'
2019-11-27 10:40:29,088 INFO o.s.w.s.FrameworkServlet [http-nio-8081-exec-1] FrameworkServlet 'dispatcherServlet': initialization started
2019-11-27 10:40:29,138 INFO o.s.w.s.FrameworkServlet [http-nio-8081-exec-1] FrameworkServlet 'dispatcherServlet': initialization completed in 49 ms
2019-11-27 10:40:29,475 DEBUG c.i.d.s.s.ServiceImp [http-nio-8081-exec-1] getSrnResult() extension request: com.imi.dolphin.sdkwebservice.model.ExtensionRequest@5ae5dfd9
2019-11-27 10:41:57,927 DEBUG c.i.d.s.s.ServiceImp [http-nio-8081-exec-5] getButtons() extension request: com.imi.dolphin.sdkwebservice.model.ExtensionRequest@2112de33
2019-11-27 10:43:24,647 DEBUG c.i.d.s.s.ServiceImp [http-nio-8081-exec-8] getQuickReplies() extension request: com.imi.dolphin.sdkwebservice.model.ExtensionRequest@3482ce73
