2019-10-04 21:25:52,784 DEBUG c.i.d.s.SdkWebserviceApplication [main] SdkWebserviceApplication started...
2019-10-04 21:25:53,190 INFO o.s.b.StartupInfoLogger [main] Starting SdkWebserviceApplication on DESKTOP-3QJUVTC with PID 6588 (started by Deka in E:\Mitra Integrasi Informatika\Business Consulting Services(Product K2)\Project CHATBOT\Project Chatbot Garudafood\3Dolphins-SDK-master-19082019)
2019-10-04 21:25:53,190 DEBUG o.s.b.StartupInfoLogger [main] Running with Spring Boot v2.0.3.RELEASE, Spring v5.0.7.RELEASE
2019-10-04 21:25:53,190 INFO o.s.b.SpringApplication [main] No active profile set, falling back to default profiles: default
2019-10-04 21:25:53,237 INFO o.s.c.s.AbstractApplicationContext [main] Refreshing org.springframework.boot.web.servlet.context.AnnotationConfigServletWebServerApplicationContext@574b560f: startup date [Fri Oct 04 21:25:53 ICT 2019]; root of context hierarchy
2019-10-04 21:25:54,899 INFO o.s.b.w.e.t.TomcatWebServer [main] Tomcat initialized with port(s): 8081 (http)
2019-10-04 21:25:54,921 INFO o.a.j.l.DirectJDKLog [main] Initializing ProtocolHandler ["http-nio-8081"]
2019-10-04 21:25:54,931 INFO o.a.j.l.DirectJDKLog [main] Starting service [Tomcat]
2019-10-04 21:25:54,931 INFO o.a.j.l.DirectJDKLog [main] Starting Servlet Engine: Apache Tomcat/8.5.31
2019-10-04 21:25:54,941 INFO o.a.j.l.DirectJDKLog [localhost-startStop-1] The APR based Apache Tomcat Native library which allows optimal performance in production environments was not found on the java.library.path: [C:\Program Files\Java\jdk1.8.0_162\bin;C:\Windows\Sun\Java\bin;C:\Windows\system32;C:\Windows;C:\Program Files (x86)\Common Files\Oracle\Java\javapath;C:\ProgramData\Oracle\Java\javapath;C:\Program Files (x86)\Intel\Intel(R) Management Engine Components\iCLS\;C:\Program Files\Intel\Intel(R) Management Engine Components\iCLS\;C:\Windows\system32;C:\Windows;C:\Windows\System32\Wbem;C:\Windows\System32\WindowsPowerShell\v1.0\;C:\Windows\System32\OpenSSH\;C:\Program Files (x86)\Intel\Intel(R) Management Engine Components\DAL;C:\Program Files\Intel\Intel(R) Management Engine Components\DAL;C:\Program Files (x86)\Intel\Intel(R) Management Engine Components\IPT;C:\Program Files\Intel\Intel(R) Management Engine Components\IPT;C:\Program Files (x86)\NVIDIA Corporation\PhysX\Common;C:\Program Files\Microsoft VS Code\bin;C:\Program Files (x86)\Microsoft SQL Server\90\Tools\binn\;C:\ProgramData\chocolatey\bin;C:\Program Files\nodejs\;C:\Users\Deka\AppData\Local\Microsoft\WindowsApps;C:\Users\Deka\AppData\Roaming\npm;C:\Users\Deka\AppData\Local\Android\sdk\platform-tools;;.]
2019-10-04 21:25:55,050 INFO o.a.j.l.DirectJDKLog [localhost-startStop-1] Initializing Spring embedded WebApplicationContext
2019-10-04 21:25:55,050 INFO o.s.b.w.s.c.ServletWebServerApplicationContext [localhost-startStop-1] Root WebApplicationContext: initialization completed in 1813 ms
2019-10-04 21:25:55,888 INFO o.s.b.w.s.ServletRegistrationBean [localhost-startStop-1] Servlet dispatcherServlet mapped to [/]
2019-10-04 21:25:55,888 INFO o.s.b.w.s.AbstractFilterRegistrationBean [localhost-startStop-1] Mapping filter: 'characterEncodingFilter' to: [/*]
2019-10-04 21:25:55,888 INFO o.s.b.w.s.AbstractFilterRegistrationBean [localhost-startStop-1] Mapping filter: 'hiddenHttpMethodFilter' to: [/*]
2019-10-04 21:25:55,888 INFO o.s.b.w.s.AbstractFilterRegistrationBean [localhost-startStop-1] Mapping filter: 'httpPutFormContentFilter' to: [/*]
2019-10-04 21:25:55,888 INFO o.s.b.w.s.AbstractFilterRegistrationBean [localhost-startStop-1] Mapping filter: 'requestContextFilter' to: [/*]
2019-10-04 21:25:55,888 INFO o.s.b.w.s.AbstractFilterRegistrationBean [localhost-startStop-1] Mapping filter: 'httpTraceFilter' to: [/*]
2019-10-04 21:25:55,888 INFO o.s.b.w.s.AbstractFilterRegistrationBean [localhost-startStop-1] Mapping filter: 'webMvcMetricsFilter' to: [/*]
2019-10-04 21:25:56,146 INFO o.s.w.s.h.AbstractUrlHandlerMapping [main] Mapped URL path [/**/favicon.ico] onto handler of type [class org.springframework.web.servlet.resource.ResourceHttpRequestHandler]
2019-10-04 21:25:56,389 INFO o.s.w.s.m.m.a.RequestMappingHandlerAdapter [main] Looking for @ControllerAdvice: org.springframework.boot.web.servlet.context.AnnotationConfigServletWebServerApplicationContext@574b560f: startup date [Fri Oct 04 21:25:53 ICT 2019]; root of context hierarchy
2019-10-04 21:25:56,486 INFO o.s.w.s.h.AbstractHandlerMethodMapping$MappingRegistry [main] Mapped "{[/modifycustomername]}" onto public com.imi.dolphin.sdkwebservice.model.ExtensionResult com.imi.dolphin.sdkwebservice.controller.Controller.doClearCustomerName(com.imi.dolphin.sdkwebservice.model.ExtensionRequest)
2019-10-04 21:25:56,487 INFO o.s.w.s.h.AbstractHandlerMethodMapping$MappingRegistry [main] Mapped "{[/pertanyaanPertama]}" onto public com.imi.dolphin.sdkwebservice.model.ExtensionResult com.imi.dolphin.sdkwebservice.controller.Controller.pertanyaanPertama(com.imi.dolphin.sdkwebservice.model.ExtensionRequest)
2019-10-04 21:25:56,487 INFO o.s.w.s.h.AbstractHandlerMethodMapping$MappingRegistry [main] Mapped "{[/quickreplies]}" onto public com.imi.dolphin.sdkwebservice.model.ExtensionResult com.imi.dolphin.sdkwebservice.controller.Controller.doBuildQuickReplies(com.imi.dolphin.sdkwebservice.model.ExtensionRequest)
2019-10-04 21:25:56,488 INFO o.s.w.s.h.AbstractHandlerMethodMapping$MappingRegistry [main] Mapped "{[/transferAgent]}" onto public com.imi.dolphin.sdkwebservice.model.ExtensionResult com.imi.dolphin.sdkwebservice.controller.Controller.doTransferToAgent(com.imi.dolphin.sdkwebservice.model.ExtensionRequest)
2019-10-04 21:25:56,488 INFO o.s.w.s.h.AbstractHandlerMethodMapping$MappingRegistry [main] Mapped "{[/pingAuth]}" onto public com.imi.dolphin.sdkwebservice.model.ExtensionResult com.imi.dolphin.sdkwebservice.controller.Controller.doPingAuthRequest(com.imi.dolphin.sdkwebservice.model.ExtensionRequest)
2019-10-04 21:25:56,489 INFO o.s.w.s.h.AbstractHandlerMethodMapping$MappingRegistry [main] Mapped "{[/productinfo]}" onto public com.imi.dolphin.sdkwebservice.model.ExtensionResult com.imi.dolphin.sdkwebservice.controller.Controller.doQueryProductInfo(com.imi.dolphin.sdkwebservice.model.ExtensionRequest)
2019-10-04 21:25:56,489 INFO o.s.w.s.h.AbstractHandlerMethodMapping$MappingRegistry [main] Mapped "{[/customers]}" onto public com.imi.dolphin.sdkwebservice.model.ExtensionResult com.imi.dolphin.sdkwebservice.controller.Controller.doQueryCustomerInfo(com.imi.dolphin.sdkwebservice.model.ExtensionRequest)
2019-10-04 21:25:56,490 INFO o.s.w.s.h.AbstractHandlerMethodMapping$MappingRegistry [main] Mapped "{[/sendLocation]}" onto public com.imi.dolphin.sdkwebservice.model.ExtensionResult com.imi.dolphin.sdkwebservice.controller.Controller.doBuildSendLocation(com.imi.dolphin.sdkwebservice.model.ExtensionRequest)
2019-10-04 21:25:56,491 INFO o.s.w.s.h.AbstractHandlerMethodMapping$MappingRegistry [main] Mapped "{[/carousel]}" onto public com.imi.dolphin.sdkwebservice.model.ExtensionResult com.imi.dolphin.sdkwebservice.controller.Controller.doBuildCarousel(com.imi.dolphin.sdkwebservice.model.ExtensionRequest)
2019-10-04 21:25:56,491 INFO o.s.w.s.h.AbstractHandlerMethodMapping$MappingRegistry [main] Mapped "{[/forms]}" onto public java.lang.String com.imi.dolphin.sdkwebservice.controller.Controller.getStarted()
2019-10-04 21:25:56,492 INFO o.s.w.s.h.AbstractHandlerMethodMapping$MappingRegistry [main] Mapped "{[/form]}" onto public com.imi.dolphin.sdkwebservice.model.ExtensionResult com.imi.dolphin.sdkwebservice.controller.Controller.doBuildForm(com.imi.dolphin.sdkwebservice.model.ExtensionRequest)
2019-10-04 21:25:56,492 INFO o.s.w.s.h.AbstractHandlerMethodMapping$MappingRegistry [main] Mapped "{[/getUserLdap]}" onto public com.imi.dolphin.sdkwebservice.model.ExtensionResult com.imi.dolphin.sdkwebservice.controller.Controller.getUserLdap(com.imi.dolphin.sdkwebservice.model.ExtensionRequest)
2019-10-04 21:25:56,493 INFO o.s.w.s.h.AbstractHandlerMethodMapping$MappingRegistry [main] Mapped "{[/konfirmasiGroup]}" onto public com.imi.dolphin.sdkwebservice.model.ExtensionResult com.imi.dolphin.sdkwebservice.controller.Controller.konfirmasiGroup(com.imi.dolphin.sdkwebservice.model.ExtensionRequest)
2019-10-04 21:25:56,494 INFO o.s.w.s.h.AbstractHandlerMethodMapping$MappingRegistry [main] Mapped "{[/sendMail]}" onto public com.imi.dolphin.sdkwebservice.model.ExtensionResult com.imi.dolphin.sdkwebservice.controller.Controller.doSendMail(com.imi.dolphin.sdkwebservice.model.ExtensionRequest)
2019-10-04 21:25:56,494 INFO o.s.w.s.h.AbstractHandlerMethodMapping$MappingRegistry [main] Mapped "{[/getSOP]}" onto public com.imi.dolphin.sdkwebservice.model.ExtensionResult com.imi.dolphin.sdkwebservice.controller.Controller.getSOP(com.imi.dolphin.sdkwebservice.model.ExtensionRequest)
2019-10-04 21:25:56,494 INFO o.s.w.s.h.AbstractHandlerMethodMapping$MappingRegistry [main] Mapped "{[/button]}" onto public com.imi.dolphin.sdkwebservice.model.ExtensionResult com.imi.dolphin.sdkwebservice.controller.Controller.doBuildButton(com.imi.dolphin.sdkwebservice.model.ExtensionRequest)
2019-10-04 21:25:56,494 INFO o.s.w.s.h.AbstractHandlerMethodMapping$MappingRegistry [main] Mapped "{[/tanyaReportName]}" onto public com.imi.dolphin.sdkwebservice.model.ExtensionResult com.imi.dolphin.sdkwebservice.controller.Controller.tanyaReportName(com.imi.dolphin.sdkwebservice.model.ExtensionRequest)
2019-10-04 21:25:56,494 INFO o.s.w.s.h.AbstractHandlerMethodMapping$MappingRegistry [main] Mapped "{[/ping]}" onto public com.imi.dolphin.sdkwebservice.model.ExtensionResult com.imi.dolphin.sdkwebservice.controller.Controller.doPingRequest(com.imi.dolphin.sdkwebservice.model.ExtensionRequest)
2019-10-04 21:25:56,494 INFO o.s.w.s.h.AbstractHandlerMethodMapping$MappingRegistry [main] Mapped "{[/tanyaGroup]}" onto public com.imi.dolphin.sdkwebservice.model.ExtensionResult com.imi.dolphin.sdkwebservice.controller.Controller.tanyaGroup(com.imi.dolphin.sdkwebservice.model.ExtensionRequest)
2019-10-04 21:25:56,494 INFO o.s.w.s.h.AbstractHandlerMethodMapping$MappingRegistry [main] Mapped "{[/status/]}" onto public com.imi.dolphin.sdkwebservice.model.ExtensionResult com.imi.dolphin.sdkwebservice.controller.Controller.doGetSrnResult(com.imi.dolphin.sdkwebservice.model.ExtensionRequest)
2019-10-04 21:25:56,494 INFO o.s.w.s.h.AbstractHandlerMethodMapping$MappingRegistry [main] Mapped "{[/messages]}" onto public com.imi.dolphin.sdkwebservice.model.ExtensionResult com.imi.dolphin.sdkwebservice.controller.Controller.doGetMessages(com.imi.dolphin.sdkwebservice.model.ExtensionRequest)
2019-10-04 21:25:56,494 INFO o.s.w.s.h.AbstractHandlerMethodMapping$MappingRegistry [main] Mapped "{[/tanyaKategori]}" onto public com.imi.dolphin.sdkwebservice.model.ExtensionResult com.imi.dolphin.sdkwebservice.controller.Controller.tanyaKategori(com.imi.dolphin.sdkwebservice.model.ExtensionRequest)
2019-10-04 21:25:56,494 INFO o.s.w.s.h.AbstractHandlerMethodMapping$MappingRegistry [main] Mapped "{[/getReport]}" onto public com.imi.dolphin.sdkwebservice.model.ExtensionResult com.imi.dolphin.sdkwebservice.controller.Controller.getReport(com.imi.dolphin.sdkwebservice.model.ExtensionRequest)
2019-10-04 21:25:56,494 INFO o.s.w.s.h.AbstractHandlerMethodMapping$MappingRegistry [main] Mapped "{[/image]}" onto public com.imi.dolphin.sdkwebservice.model.ExtensionResult com.imi.dolphin.sdkwebservice.controller.Controller.doBuildImage(com.imi.dolphin.sdkwebservice.model.ExtensionRequest)
2019-10-04 21:25:56,494 INFO o.s.w.s.h.AbstractHandlerMethodMapping$MappingRegistry [main] Mapped "{[/error]}" onto public org.springframework.http.ResponseEntity<java.util.Map<java.lang.String, java.lang.Object>> org.springframework.boot.autoconfigure.web.servlet.error.BasicErrorController.error(javax.servlet.http.HttpServletRequest)
2019-10-04 21:25:56,494 INFO o.s.w.s.h.AbstractHandlerMethodMapping$MappingRegistry [main] Mapped "{[/error],produces=[text/html]}" onto public org.springframework.web.servlet.ModelAndView org.springframework.boot.autoconfigure.web.servlet.error.BasicErrorController.errorHtml(javax.servlet.http.HttpServletRequest,javax.servlet.http.HttpServletResponse)
2019-10-04 21:25:56,579 INFO o.s.w.s.h.AbstractUrlHandlerMapping [main] Mapped URL path [/webjars/**] onto handler of type [class org.springframework.web.servlet.resource.ResourceHttpRequestHandler]
2019-10-04 21:25:56,580 INFO o.s.w.s.h.AbstractUrlHandlerMapping [main] Mapped URL path [/**] onto handler of type [class org.springframework.web.servlet.resource.ResourceHttpRequestHandler]
2019-10-04 21:25:57,014 INFO o.s.b.a.e.w.EndpointLinksResolver [main] Exposing 2 endpoint(s) beneath base path '/actuator'
2019-10-04 21:25:57,028 INFO o.s.w.s.h.AbstractHandlerMethodMapping$MappingRegistry [main] Mapped "{[/actuator/health],methods=[GET],produces=[application/vnd.spring-boot.actuator.v2+json || application/json]}" onto public java.lang.Object org.springframework.boot.actuate.endpoint.web.servlet.AbstractWebMvcEndpointHandlerMapping$OperationHandler.handle(javax.servlet.http.HttpServletRequest,java.util.Map<java.lang.String, java.lang.String>)
2019-10-04 21:25:57,029 INFO o.s.w.s.h.AbstractHandlerMethodMapping$MappingRegistry [main] Mapped "{[/actuator/info],methods=[GET],produces=[application/vnd.spring-boot.actuator.v2+json || application/json]}" onto public java.lang.Object org.springframework.boot.actuate.endpoint.web.servlet.AbstractWebMvcEndpointHandlerMapping$OperationHandler.handle(javax.servlet.http.HttpServletRequest,java.util.Map<java.lang.String, java.lang.String>)
2019-10-04 21:25:57,031 INFO o.s.w.s.h.AbstractHandlerMethodMapping$MappingRegistry [main] Mapped "{[/actuator],methods=[GET],produces=[application/vnd.spring-boot.actuator.v2+json || application/json]}" onto protected java.util.Map<java.lang.String, java.util.Map<java.lang.String, org.springframework.boot.actuate.endpoint.web.Link>> org.springframework.boot.actuate.endpoint.web.servlet.WebMvcEndpointHandlerMapping.links(javax.servlet.http.HttpServletRequest,javax.servlet.http.HttpServletResponse)
2019-10-04 21:25:57,118 INFO o.s.j.e.MBeanExporter [main] Registering beans for JMX exposure on startup
2019-10-04 21:25:57,142 INFO o.a.j.l.DirectJDKLog [main] Starting ProtocolHandler ["http-nio-8081"]
2019-10-04 21:25:57,162 INFO o.a.j.l.DirectJDKLog [main] Using a shared selector for servlet write/read
2019-10-04 21:25:57,185 INFO o.s.b.w.e.t.TomcatWebServer [main] Tomcat started on port(s): 8081 (http) with context path ''
2019-10-04 21:25:57,190 INFO o.s.b.StartupInfoLogger [main] Started SdkWebserviceApplication in 4.28 seconds (JVM running for 5.136)
2019-10-04 21:26:24,804 INFO o.a.j.l.DirectJDKLog [http-nio-8081-exec-2] Initializing Spring FrameworkServlet 'dispatcherServlet'
2019-10-04 21:26:24,805 INFO o.s.w.s.FrameworkServlet [http-nio-8081-exec-2] FrameworkServlet 'dispatcherServlet': initialization started
2019-10-04 21:26:24,827 INFO o.s.w.s.FrameworkServlet [http-nio-8081-exec-2] FrameworkServlet 'dispatcherServlet': initialization completed in 21 ms
2019-10-04 21:26:25,077 DEBUG c.i.d.s.s.ServiceImp [http-nio-8081-exec-2] konfirmasiGroup() extension request: {"parameters":[{"name":"role","value":"management"},{"name":"departement","value":"e2e"}]}
2019-10-04 21:26:25,077 DEBUG c.i.d.s.u.SdkUtil [http-nio-8081-exec-2] getEasyMapValueByName() extension request: com.imi.dolphin.sdkwebservice.model.ExtensionRequest@36c75186 name: company
2019-10-04 21:26:25,078 DEBUG c.i.d.s.u.SdkUtil [http-nio-8081-exec-2] getEasyMapValueByName() extension request: com.imi.dolphin.sdkwebservice.model.ExtensionRequest@36c75186 name: kategorigroup
2019-10-04 21:26:25,078 DEBUG c.i.d.s.u.SdkUtil [http-nio-8081-exec-2] getEasyMapValueByName() extension request: com.imi.dolphin.sdkwebservice.model.ExtensionRequest@36c75186 name: group
2019-10-04 21:26:31,442 DEBUG c.i.d.s.s.ServiceImp [http-nio-8081-exec-3] tanyaReportName() extension request: {"parameters":[{"name":"role","value":"management"},{"name":"departement","value":"e2e"}]}
2019-10-04 21:26:31,443 DEBUG c.i.d.s.u.SdkUtil [http-nio-8081-exec-3] getEasyMapValueByName() extension request: com.imi.dolphin.sdkwebservice.model.ExtensionRequest@85ef2fb name: role
2019-10-04 21:26:31,444 DEBUG c.i.d.s.u.SdkUtil [http-nio-8081-exec-3] getEasyMapValueByName() extension request: com.imi.dolphin.sdkwebservice.model.ExtensionRequest@85ef2fb name: departement
2019-10-04 21:28:18,475 DEBUG c.i.d.s.s.ServiceImp [http-nio-8081-exec-6] tanyaKategori() extension request: {"parameters":[{"name":"role","value":"management"},{"name":"company","value":"gppj"},{"name":"departement","value":"e2e"},{"name":"nama_report","value":"1"}]}
2019-10-04 21:28:18,475 DEBUG c.i.d.s.u.SdkUtil [http-nio-8081-exec-6] getEasyMapValueByName() extension request: com.imi.dolphin.sdkwebservice.model.ExtensionRequest@3636c32d name: role
2019-10-04 21:28:18,476 DEBUG c.i.d.s.u.SdkUtil [http-nio-8081-exec-6] getEasyMapValueByName() extension request: com.imi.dolphin.sdkwebservice.model.ExtensionRequest@3636c32d name: company
2019-10-04 21:28:18,476 DEBUG c.i.d.s.u.SdkUtil [http-nio-8081-exec-6] getEasyMapValueByName() extension request: com.imi.dolphin.sdkwebservice.model.ExtensionRequest@3636c32d name: departement
2019-10-04 21:28:18,476 DEBUG c.i.d.s.u.SdkUtil [http-nio-8081-exec-6] getEasyMapValueByName() extension request: com.imi.dolphin.sdkwebservice.model.ExtensionRequest@3636c32d name: nama_report
2019-10-04 21:35:54,552 DEBUG c.i.d.s.s.ServiceImp [http-nio-8081-exec-9] getQuickReplies() extension request: com.imi.dolphin.sdkwebservice.model.ExtensionRequest@2dc4aef0
2019-10-04 21:36:14,581 DEBUG c.i.d.s.s.ServiceImp [http-nio-8081-exec-10] getQuickReplies() extension request: com.imi.dolphin.sdkwebservice.model.ExtensionRequest@1da33829
2019-10-04 21:36:15,541 DEBUG c.i.d.s.s.ServiceImp [http-nio-8081-exec-1] getQuickReplies() extension request: com.imi.dolphin.sdkwebservice.model.ExtensionRequest@150bf42d
2019-10-04 21:36:16,244 DEBUG c.i.d.s.s.ServiceImp [http-nio-8081-exec-2] getQuickReplies() extension request: com.imi.dolphin.sdkwebservice.model.ExtensionRequest@4c6ba70b
2019-10-04 21:36:16,730 DEBUG c.i.d.s.s.ServiceImp [http-nio-8081-exec-3] getQuickReplies() extension request: com.imi.dolphin.sdkwebservice.model.ExtensionRequest@2a6998b
2019-10-04 21:36:17,049 DEBUG c.i.d.s.s.ServiceImp [http-nio-8081-exec-4] getQuickReplies() extension request: com.imi.dolphin.sdkwebservice.model.ExtensionRequest@40836e31
2019-10-04 21:36:17,566 DEBUG c.i.d.s.s.ServiceImp [http-nio-8081-exec-5] getQuickReplies() extension request: com.imi.dolphin.sdkwebservice.model.ExtensionRequest@603ba535
2019-10-04 21:36:17,832 DEBUG c.i.d.s.s.ServiceImp [http-nio-8081-exec-6] getQuickReplies() extension request: com.imi.dolphin.sdkwebservice.model.ExtensionRequest@3ccea85d
2019-10-04 21:36:18,199 DEBUG c.i.d.s.s.ServiceImp [http-nio-8081-exec-7] getQuickReplies() extension request: com.imi.dolphin.sdkwebservice.model.ExtensionRequest@4f73d12a
2019-10-04 21:36:18,530 DEBUG c.i.d.s.s.ServiceImp [http-nio-8081-exec-8] getQuickReplies() extension request: com.imi.dolphin.sdkwebservice.model.ExtensionRequest@62c11265
2019-10-04 21:36:18,976 DEBUG c.i.d.s.s.ServiceImp [http-nio-8081-exec-9] getQuickReplies() extension request: com.imi.dolphin.sdkwebservice.model.ExtensionRequest@23035538
