2019-10-14 21:43:31,768 DEBUG c.i.d.s.SdkWebserviceApplication [main] SdkWebserviceApplication started...
2019-10-14 21:43:32,445 INFO o.s.b.StartupInfoLogger [main] Starting SdkWebserviceApplication on DESKTOP-3QJUVTC with PID 12816 (started by Deka in E:\Mitra Integrasi Informatika\Business Consulting Services(Product K2)\Project CHATBOT\Project Chatbot Garudafood\3Dolphins-SDK-master-19082019)
2019-10-14 21:43:32,446 DEBUG o.s.b.StartupInfoLogger [main] Running with Spring Boot v2.0.3.RELEASE, Spring v5.0.7.RELEASE
2019-10-14 21:43:32,447 INFO o.s.b.SpringApplication [main] No active profile set, falling back to default profiles: default
2019-10-14 21:43:32,575 INFO o.s.c.s.AbstractApplicationContext [main] Refreshing org.springframework.boot.web.servlet.context.AnnotationConfigServletWebServerApplicationContext@6c779568: startup date [Mon Oct 14 21:43:32 ICT 2019]; root of context hierarchy
2019-10-14 21:43:36,154 INFO o.s.b.w.e.t.TomcatWebServer [main] Tomcat initialized with port(s): 8081 (http)
2019-10-14 21:43:36,194 INFO o.a.j.l.DirectJDKLog [main] Initializing ProtocolHandler ["http-nio-8081"]
2019-10-14 21:43:36,213 INFO o.a.j.l.DirectJDKLog [main] Starting service [Tomcat]
2019-10-14 21:43:36,214 INFO o.a.j.l.DirectJDKLog [main] Starting Servlet Engine: Apache Tomcat/8.5.31
2019-10-14 21:43:36,229 INFO o.a.j.l.DirectJDKLog [localhost-startStop-1] The APR based Apache Tomcat Native library which allows optimal performance in production environments was not found on the java.library.path: [C:\Program Files\Java\jdk1.8.0_162\bin;C:\WINDOWS\Sun\Java\bin;C:\WINDOWS\system32;C:\WINDOWS;C:\Program Files (x86)\Common Files\Oracle\Java\javapath;C:\ProgramData\Oracle\Java\javapath;C:\Program Files (x86)\Intel\Intel(R) Management Engine Components\iCLS\;C:\Program Files\Intel\Intel(R) Management Engine Components\iCLS\;C:\Windows\system32;C:\Windows;C:\Windows\System32\Wbem;C:\Windows\System32\WindowsPowerShell\v1.0\;C:\Windows\System32\OpenSSH\;C:\Program Files (x86)\Intel\Intel(R) Management Engine Components\DAL;C:\Program Files\Intel\Intel(R) Management Engine Components\DAL;C:\Program Files (x86)\Intel\Intel(R) Management Engine Components\IPT;C:\Program Files\Intel\Intel(R) Management Engine Components\IPT;C:\Program Files (x86)\NVIDIA Corporation\PhysX\Common;C:\Program Files\Microsoft VS Code\bin;C:\Program Files (x86)\Microsoft SQL Server\90\Tools\binn\;C:\ProgramData\chocolatey\bin;C:\Program Files\nodejs\;%SystemRoot%\system32;%SystemRoot%;%SystemRoot%\System32\Wbem;%SYSTEMROOT%\System32\WindowsPowerShell\v1.0\;%SYSTEMROOT%\System32\OpenSSH\;C:\Users\Deka\AppData\Local\Microsoft\WindowsApps;C:\Users\Deka\AppData\Roaming\npm;C:\Users\Deka\AppData\Local\Android\sdk\platform-tools;;.]
2019-10-14 21:43:36,441 INFO o.a.j.l.DirectJDKLog [localhost-startStop-1] Initializing Spring embedded WebApplicationContext
2019-10-14 21:43:36,442 INFO o.s.b.w.s.c.ServletWebServerApplicationContext [localhost-startStop-1] Root WebApplicationContext: initialization completed in 3886 ms
2019-10-14 21:43:37,764 INFO o.s.b.w.s.ServletRegistrationBean [localhost-startStop-1] Servlet dispatcherServlet mapped to [/]
2019-10-14 21:43:37,774 INFO o.s.b.w.s.AbstractFilterRegistrationBean [localhost-startStop-1] Mapping filter: 'characterEncodingFilter' to: [/*]
2019-10-14 21:43:37,774 INFO o.s.b.w.s.AbstractFilterRegistrationBean [localhost-startStop-1] Mapping filter: 'hiddenHttpMethodFilter' to: [/*]
2019-10-14 21:43:37,775 INFO o.s.b.w.s.AbstractFilterRegistrationBean [localhost-startStop-1] Mapping filter: 'httpPutFormContentFilter' to: [/*]
2019-10-14 21:43:37,775 INFO o.s.b.w.s.AbstractFilterRegistrationBean [localhost-startStop-1] Mapping filter: 'requestContextFilter' to: [/*]
2019-10-14 21:43:37,776 INFO o.s.b.w.s.AbstractFilterRegistrationBean [localhost-startStop-1] Mapping filter: 'httpTraceFilter' to: [/*]
2019-10-14 21:43:37,776 INFO o.s.b.w.s.AbstractFilterRegistrationBean [localhost-startStop-1] Mapping filter: 'webMvcMetricsFilter' to: [/*]
2019-10-14 21:43:38,144 INFO o.s.w.s.h.AbstractUrlHandlerMapping [main] Mapped URL path [/**/favicon.ico] onto handler of type [class org.springframework.web.servlet.resource.ResourceHttpRequestHandler]
2019-10-14 21:43:38,494 INFO o.s.w.s.m.m.a.RequestMappingHandlerAdapter [main] Looking for @ControllerAdvice: org.springframework.boot.web.servlet.context.AnnotationConfigServletWebServerApplicationContext@6c779568: startup date [Mon Oct 14 21:43:32 ICT 2019]; root of context hierarchy
2019-10-14 21:43:38,637 INFO o.s.w.s.h.AbstractHandlerMethodMapping$MappingRegistry [main] Mapped "{[/pingAuth]}" onto public com.imi.dolphin.sdkwebservice.model.ExtensionResult com.imi.dolphin.sdkwebservice.controller.Controller.doPingAuthRequest(com.imi.dolphin.sdkwebservice.model.ExtensionRequest)
2019-10-14 21:43:38,640 INFO o.s.w.s.h.AbstractHandlerMethodMapping$MappingRegistry [main] Mapped "{[/customers]}" onto public com.imi.dolphin.sdkwebservice.model.ExtensionResult com.imi.dolphin.sdkwebservice.controller.Controller.doQueryCustomerInfo(com.imi.dolphin.sdkwebservice.model.ExtensionRequest)
2019-10-14 21:43:38,641 INFO o.s.w.s.h.AbstractHandlerMethodMapping$MappingRegistry [main] Mapped "{[/modifycustomername]}" onto public com.imi.dolphin.sdkwebservice.model.ExtensionResult com.imi.dolphin.sdkwebservice.controller.Controller.doClearCustomerName(com.imi.dolphin.sdkwebservice.model.ExtensionRequest)
2019-10-14 21:43:38,642 INFO o.s.w.s.h.AbstractHandlerMethodMapping$MappingRegistry [main] Mapped "{[/productinfo]}" onto public com.imi.dolphin.sdkwebservice.model.ExtensionResult com.imi.dolphin.sdkwebservice.controller.Controller.doQueryProductInfo(com.imi.dolphin.sdkwebservice.model.ExtensionRequest)
2019-10-14 21:43:38,642 INFO o.s.w.s.h.AbstractHandlerMethodMapping$MappingRegistry [main] Mapped "{[/quickreplies]}" onto public com.imi.dolphin.sdkwebservice.model.ExtensionResult com.imi.dolphin.sdkwebservice.controller.Controller.doBuildQuickReplies(com.imi.dolphin.sdkwebservice.model.ExtensionRequest)
2019-10-14 21:43:38,643 INFO o.s.w.s.h.AbstractHandlerMethodMapping$MappingRegistry [main] Mapped "{[/sendLocation]}" onto public com.imi.dolphin.sdkwebservice.model.ExtensionResult com.imi.dolphin.sdkwebservice.controller.Controller.doBuildSendLocation(com.imi.dolphin.sdkwebservice.model.ExtensionRequest)
2019-10-14 21:43:38,644 INFO o.s.w.s.h.AbstractHandlerMethodMapping$MappingRegistry [main] Mapped "{[/transferAgent]}" onto public com.imi.dolphin.sdkwebservice.model.ExtensionResult com.imi.dolphin.sdkwebservice.controller.Controller.doTransferToAgent(com.imi.dolphin.sdkwebservice.model.ExtensionRequest)
2019-10-14 21:43:38,644 INFO o.s.w.s.h.AbstractHandlerMethodMapping$MappingRegistry [main] Mapped "{[/pertanyaanPertama]}" onto public com.imi.dolphin.sdkwebservice.model.ExtensionResult com.imi.dolphin.sdkwebservice.controller.Controller.pertanyaanPertama(com.imi.dolphin.sdkwebservice.model.ExtensionRequest)
2019-10-14 21:43:38,645 INFO o.s.w.s.h.AbstractHandlerMethodMapping$MappingRegistry [main] Mapped "{[/form]}" onto public com.imi.dolphin.sdkwebservice.model.ExtensionResult com.imi.dolphin.sdkwebservice.controller.Controller.doBuildForm(com.imi.dolphin.sdkwebservice.model.ExtensionRequest)
2019-10-14 21:43:38,646 INFO o.s.w.s.h.AbstractHandlerMethodMapping$MappingRegistry [main] Mapped "{[/button]}" onto public com.imi.dolphin.sdkwebservice.model.ExtensionResult com.imi.dolphin.sdkwebservice.controller.Controller.doBuildButton(com.imi.dolphin.sdkwebservice.model.ExtensionRequest)
2019-10-14 21:43:38,647 INFO o.s.w.s.h.AbstractHandlerMethodMapping$MappingRegistry [main] Mapped "{[/carousel]}" onto public com.imi.dolphin.sdkwebservice.model.ExtensionResult com.imi.dolphin.sdkwebservice.controller.Controller.doBuildCarousel(com.imi.dolphin.sdkwebservice.model.ExtensionRequest)
2019-10-14 21:43:38,649 INFO o.s.w.s.h.AbstractHandlerMethodMapping$MappingRegistry [main] Mapped "{[/image]}" onto public com.imi.dolphin.sdkwebservice.model.ExtensionResult com.imi.dolphin.sdkwebservice.controller.Controller.doBuildImage(com.imi.dolphin.sdkwebservice.model.ExtensionRequest)
2019-10-14 21:43:38,650 INFO o.s.w.s.h.AbstractHandlerMethodMapping$MappingRegistry [main] Mapped "{[/status/]}" onto public com.imi.dolphin.sdkwebservice.model.ExtensionResult com.imi.dolphin.sdkwebservice.controller.Controller.doGetSrnResult(com.imi.dolphin.sdkwebservice.model.ExtensionRequest)
2019-10-14 21:43:38,650 INFO o.s.w.s.h.AbstractHandlerMethodMapping$MappingRegistry [main] Mapped "{[/validasiOtp]}" onto public com.imi.dolphin.sdkwebservice.model.ExtensionResult com.imi.dolphin.sdkwebservice.controller.Controller.validasiOtp(com.imi.dolphin.sdkwebservice.model.ExtensionRequest)
2019-10-14 21:43:38,651 INFO o.s.w.s.h.AbstractHandlerMethodMapping$MappingRegistry [main] Mapped "{[/menuUtama]}" onto public com.imi.dolphin.sdkwebservice.model.ExtensionResult com.imi.dolphin.sdkwebservice.controller.Controller.menuUtama(com.imi.dolphin.sdkwebservice.model.ExtensionRequest)
2019-10-14 21:43:38,651 INFO o.s.w.s.h.AbstractHandlerMethodMapping$MappingRegistry [main] Mapped "{[/getSOP]}" onto public com.imi.dolphin.sdkwebservice.model.ExtensionResult com.imi.dolphin.sdkwebservice.controller.Controller.getSOP(com.imi.dolphin.sdkwebservice.model.ExtensionRequest)
2019-10-14 21:43:38,652 INFO o.s.w.s.h.AbstractHandlerMethodMapping$MappingRegistry [main] Mapped "{[/tanyaKategori]}" onto public com.imi.dolphin.sdkwebservice.model.ExtensionResult com.imi.dolphin.sdkwebservice.controller.Controller.tanyaKategori(com.imi.dolphin.sdkwebservice.model.ExtensionRequest)
2019-10-14 21:43:38,653 INFO o.s.w.s.h.AbstractHandlerMethodMapping$MappingRegistry [main] Mapped "{[/sendMail]}" onto public com.imi.dolphin.sdkwebservice.model.ExtensionResult com.imi.dolphin.sdkwebservice.controller.Controller.doSendMail(com.imi.dolphin.sdkwebservice.model.ExtensionRequest)
2019-10-14 21:43:38,654 INFO o.s.w.s.h.AbstractHandlerMethodMapping$MappingRegistry [main] Mapped "{[/getReport]}" onto public com.imi.dolphin.sdkwebservice.model.ExtensionResult com.imi.dolphin.sdkwebservice.controller.Controller.getReport(com.imi.dolphin.sdkwebservice.model.ExtensionRequest)
2019-10-14 21:43:38,655 INFO o.s.w.s.h.AbstractHandlerMethodMapping$MappingRegistry [main] Mapped "{[/tanyaGroup]}" onto public com.imi.dolphin.sdkwebservice.model.ExtensionResult com.imi.dolphin.sdkwebservice.controller.Controller.tanyaGroup(com.imi.dolphin.sdkwebservice.model.ExtensionRequest)
2019-10-14 21:43:38,655 INFO o.s.w.s.h.AbstractHandlerMethodMapping$MappingRegistry [main] Mapped "{[/getUserLdap]}" onto public com.imi.dolphin.sdkwebservice.model.ExtensionResult com.imi.dolphin.sdkwebservice.controller.Controller.getUserLdap(com.imi.dolphin.sdkwebservice.model.ExtensionRequest)
2019-10-14 21:43:38,657 INFO o.s.w.s.h.AbstractHandlerMethodMapping$MappingRegistry [main] Mapped "{[/tanyaReportName]}" onto public com.imi.dolphin.sdkwebservice.model.ExtensionResult com.imi.dolphin.sdkwebservice.controller.Controller.tanyaReportName(com.imi.dolphin.sdkwebservice.model.ExtensionRequest)
2019-10-14 21:43:38,658 INFO o.s.w.s.h.AbstractHandlerMethodMapping$MappingRegistry [main] Mapped "{[/konfirmasiGroup]}" onto public com.imi.dolphin.sdkwebservice.model.ExtensionResult com.imi.dolphin.sdkwebservice.controller.Controller.konfirmasiGroup(com.imi.dolphin.sdkwebservice.model.ExtensionRequest)
2019-10-14 21:43:38,659 INFO o.s.w.s.h.AbstractHandlerMethodMapping$MappingRegistry [main] Mapped "{[/ping]}" onto public com.imi.dolphin.sdkwebservice.model.ExtensionResult com.imi.dolphin.sdkwebservice.controller.Controller.doPingRequest(com.imi.dolphin.sdkwebservice.model.ExtensionRequest)
2019-10-14 21:43:38,660 INFO o.s.w.s.h.AbstractHandlerMethodMapping$MappingRegistry [main] Mapped "{[/forms]}" onto public java.lang.String com.imi.dolphin.sdkwebservice.controller.Controller.getStarted()
2019-10-14 21:43:38,661 INFO o.s.w.s.h.AbstractHandlerMethodMapping$MappingRegistry [main] Mapped "{[/messages]}" onto public com.imi.dolphin.sdkwebservice.model.ExtensionResult com.imi.dolphin.sdkwebservice.controller.Controller.doGetMessages(com.imi.dolphin.sdkwebservice.model.ExtensionRequest)
2019-10-14 21:43:38,672 INFO o.s.w.s.h.AbstractHandlerMethodMapping$MappingRegistry [main] Mapped "{[/error]}" onto public org.springframework.http.ResponseEntity<java.util.Map<java.lang.String, java.lang.Object>> org.springframework.boot.autoconfigure.web.servlet.error.BasicErrorController.error(javax.servlet.http.HttpServletRequest)
2019-10-14 21:43:38,674 INFO o.s.w.s.h.AbstractHandlerMethodMapping$MappingRegistry [main] Mapped "{[/error],produces=[text/html]}" onto public org.springframework.web.servlet.ModelAndView org.springframework.boot.autoconfigure.web.servlet.error.BasicErrorController.errorHtml(javax.servlet.http.HttpServletRequest,javax.servlet.http.HttpServletResponse)
2019-10-14 21:43:38,732 INFO o.s.w.s.h.AbstractUrlHandlerMapping [main] Mapped URL path [/webjars/**] onto handler of type [class org.springframework.web.servlet.resource.ResourceHttpRequestHandler]
2019-10-14 21:43:38,733 INFO o.s.w.s.h.AbstractUrlHandlerMapping [main] Mapped URL path [/**] onto handler of type [class org.springframework.web.servlet.resource.ResourceHttpRequestHandler]
2019-10-14 21:43:39,349 INFO o.s.b.a.e.w.EndpointLinksResolver [main] Exposing 2 endpoint(s) beneath base path '/actuator'
2019-10-14 21:43:39,394 INFO o.s.w.s.h.AbstractHandlerMethodMapping$MappingRegistry [main] Mapped "{[/actuator/health],methods=[GET],produces=[application/vnd.spring-boot.actuator.v2+json || application/json]}" onto public java.lang.Object org.springframework.boot.actuate.endpoint.web.servlet.AbstractWebMvcEndpointHandlerMapping$OperationHandler.handle(javax.servlet.http.HttpServletRequest,java.util.Map<java.lang.String, java.lang.String>)
2019-10-14 21:43:39,396 INFO o.s.w.s.h.AbstractHandlerMethodMapping$MappingRegistry [main] Mapped "{[/actuator/info],methods=[GET],produces=[application/vnd.spring-boot.actuator.v2+json || application/json]}" onto public java.lang.Object org.springframework.boot.actuate.endpoint.web.servlet.AbstractWebMvcEndpointHandlerMapping$OperationHandler.handle(javax.servlet.http.HttpServletRequest,java.util.Map<java.lang.String, java.lang.String>)
2019-10-14 21:43:39,398 INFO o.s.w.s.h.AbstractHandlerMethodMapping$MappingRegistry [main] Mapped "{[/actuator],methods=[GET],produces=[application/vnd.spring-boot.actuator.v2+json || application/json]}" onto protected java.util.Map<java.lang.String, java.util.Map<java.lang.String, org.springframework.boot.actuate.endpoint.web.Link>> org.springframework.boot.actuate.endpoint.web.servlet.WebMvcEndpointHandlerMapping.links(javax.servlet.http.HttpServletRequest,javax.servlet.http.HttpServletResponse)
2019-10-14 21:43:39,517 INFO o.s.j.e.MBeanExporter [main] Registering beans for JMX exposure on startup
2019-10-14 21:43:39,554 INFO o.a.j.l.DirectJDKLog [main] Starting ProtocolHandler ["http-nio-8081"]
2019-10-14 21:43:39,672 INFO o.a.j.l.DirectJDKLog [main] Using a shared selector for servlet write/read
2019-10-14 21:43:39,711 INFO o.s.b.w.e.t.TomcatWebServer [main] Tomcat started on port(s): 8081 (http) with context path ''
2019-10-14 21:43:39,718 INFO o.s.b.StartupInfoLogger [main] Started SdkWebserviceApplication in 7.769 seconds (JVM running for 8.832)
2019-10-14 21:44:44,467 INFO o.a.j.l.DirectJDKLog [http-nio-8081-exec-4] Initializing Spring FrameworkServlet 'dispatcherServlet'
2019-10-14 21:44:44,467 INFO o.s.w.s.FrameworkServlet [http-nio-8081-exec-4] FrameworkServlet 'dispatcherServlet': initialization started
2019-10-14 21:44:44,493 INFO o.s.w.s.FrameworkServlet [http-nio-8081-exec-4] FrameworkServlet 'dispatcherServlet': initialization completed in 25 ms
2019-10-14 21:44:44,685 DEBUG c.i.d.s.s.ServiceImp [http-nio-8081-exec-4] doSendMail() extension request: com.imi.dolphin.sdkwebservice.model.ExtensionRequest@2cce0330
2019-10-14 21:44:44,685 DEBUG c.i.d.s.u.SdkUtil [http-nio-8081-exec-4] getEasyMapValueByName() extension request: com.imi.dolphin.sdkwebservice.model.ExtensionRequest@2cce0330 name: recipient
2019-10-14 21:44:44,706 DEBUG c.i.d.s.u.MailUtil [http-nio-8081-exec-4] getMailSession() initialize mail session
