2019-10-14 21:46:08,921 INFO o.s.t.c.s.AbstractTestContextBootstrapper [main] Neither @ContextConfiguration nor @ContextHierarchy found for test class [com.imi.dolphin.sdkwebservice.SdkWebserviceApplicationTests], using SpringBootContextLoader
2019-10-14 21:46:08,930 INFO o.s.t.c.s.AbstractContextLoader [main] Could not detect default resource locations for test class [com.imi.dolphin.sdkwebservice.SdkWebserviceApplicationTests]: no resource found for suffixes {-context.xml, Context.groovy}.
2019-10-14 21:46:08,931 INFO o.s.t.c.s.AnnotationConfigContextLoaderUtils [main] Could not detect default configuration classes for test class [com.imi.dolphin.sdkwebservice.SdkWebserviceApplicationTests]: SdkWebserviceApplicationTests does not declare any static, non-private, non-final, nested classes annotated with @Configuration.
2019-10-14 21:46:09,018 INFO o.s.b.t.c.SpringBootTestContextBootstrapper [main] Found @SpringBootConfiguration com.imi.dolphin.sdkwebservice.SdkWebserviceApplication for test class com.imi.dolphin.sdkwebservice.SdkWebserviceApplicationTests
2019-10-14 21:46:09,149 INFO o.s.t.c.s.AbstractTestContextBootstrapper [main] Loaded default TestExecutionListener class names from location [META-INF/spring.factories]: [org.springframework.boot.test.mock.mockito.MockitoTestExecutionListener, org.springframework.boot.test.mock.mockito.ResetMocksTestExecutionListener, org.springframework.boot.test.autoconfigure.restdocs.RestDocsTestExecutionListener, org.springframework.boot.test.autoconfigure.web.client.MockRestServiceServerResetTestExecutionListener, org.springframework.boot.test.autoconfigure.web.servlet.MockMvcPrintOnlyOnFailureTestExecutionListener, org.springframework.boot.test.autoconfigure.web.servlet.WebDriverTestExecutionListener, org.springframework.test.context.web.ServletTestExecutionListener, org.springframework.test.context.support.DirtiesContextBeforeModesTestExecutionListener, org.springframework.test.context.support.DependencyInjectionTestExecutionListener, org.springframework.test.context.support.DirtiesContextTestExecutionListener, org.springframework.test.context.transaction.TransactionalTestExecutionListener, org.springframework.test.context.jdbc.SqlScriptsTestExecutionListener]
2019-10-14 21:46:09,169 INFO o.s.t.c.s.AbstractTestContextBootstrapper [main] Using TestExecutionListeners: [org.springframework.test.context.web.ServletTestExecutionListener@6f8e8894, org.springframework.test.context.support.DirtiesContextBeforeModesTestExecutionListener@3cfdd820, org.springframework.boot.test.mock.mockito.MockitoTestExecutionListener@928763c, org.springframework.boot.test.autoconfigure.SpringBootDependencyInjectionTestExecutionListener@e25951c, org.springframework.test.context.support.DirtiesContextTestExecutionListener@15f47664, org.springframework.boot.test.mock.mockito.ResetMocksTestExecutionListener@471a9022, org.springframework.boot.test.autoconfigure.restdocs.RestDocsTestExecutionListener@dc9876b, org.springframework.boot.test.autoconfigure.web.client.MockRestServiceServerResetTestExecutionListener@2f666ebb, org.springframework.boot.test.autoconfigure.web.servlet.MockMvcPrintOnlyOnFailureTestExecutionListener@19976a65, org.springframework.boot.test.autoconfigure.web.servlet.WebDriverTestExecutionListener@a1f72f5]
2019-10-14 21:46:09,404 WARN o.s.b.t.j.DuplicateJsonObjectContextCustomizerFactory$DuplicateJsonObjectContextCustomizer [main] 

Found multiple occurrences of org.json.JSONObject on the class path:

	jar:file:/C:/Users/Deka/.m2/repository/com/vaadin/external/google/android-json/0.0.20131108.vaadin1/android-json-0.0.20131108.vaadin1.jar!/org/json/JSONObject.class
	jar:file:/C:/Users/Deka/.m2/repository/org/json/json/20180130/json-20180130.jar!/org/json/JSONObject.class

You may wish to exclude one of them to ensure predictable runtime behavior

2019-10-14 21:46:09,419 INFO o.s.b.StartupInfoLogger [main] Starting SdkWebserviceApplicationTests on DESKTOP-3QJUVTC with PID 12028 (started by Deka in E:\Mitra Integrasi Informatika\Business Consulting Services(Product K2)\Project CHATBOT\Project Chatbot Garudafood\3Dolphins-SDK-master-19082019)
2019-10-14 21:46:09,420 DEBUG o.s.b.StartupInfoLogger [main] Running with Spring Boot v2.0.3.RELEASE, Spring v5.0.7.RELEASE
2019-10-14 21:46:09,421 INFO o.s.b.SpringApplication [main] No active profile set, falling back to default profiles: default
2019-10-14 21:46:09,473 INFO o.s.c.s.AbstractApplicationContext [main] Refreshing org.springframework.web.context.support.GenericWebApplicationContext@27216cd: startup date [Mon Oct 14 21:46:09 ICT 2019]; root of context hierarchy
2019-10-14 21:46:11,356 INFO o.s.w.s.h.AbstractUrlHandlerMapping [main] Mapped URL path [/**/favicon.ico] onto handler of type [class org.springframework.web.servlet.resource.ResourceHttpRequestHandler]
2019-10-14 21:46:11,544 INFO o.s.w.s.m.m.a.RequestMappingHandlerAdapter [main] Looking for @ControllerAdvice: org.springframework.web.context.support.GenericWebApplicationContext@27216cd: startup date [Mon Oct 14 21:46:09 ICT 2019]; root of context hierarchy
2019-10-14 21:46:11,621 INFO o.s.w.s.h.AbstractHandlerMethodMapping$MappingRegistry [main] Mapped "{[/pertanyaanPertama]}" onto public com.imi.dolphin.sdkwebservice.model.ExtensionResult com.imi.dolphin.sdkwebservice.controller.Controller.pertanyaanPertama(com.imi.dolphin.sdkwebservice.model.ExtensionRequest)
2019-10-14 21:46:11,623 INFO o.s.w.s.h.AbstractHandlerMethodMapping$MappingRegistry [main] Mapped "{[/transferAgent]}" onto public com.imi.dolphin.sdkwebservice.model.ExtensionResult com.imi.dolphin.sdkwebservice.controller.Controller.doTransferToAgent(com.imi.dolphin.sdkwebservice.model.ExtensionRequest)
2019-10-14 21:46:11,623 INFO o.s.w.s.h.AbstractHandlerMethodMapping$MappingRegistry [main] Mapped "{[/modifycustomername]}" onto public com.imi.dolphin.sdkwebservice.model.ExtensionResult com.imi.dolphin.sdkwebservice.controller.Controller.doClearCustomerName(com.imi.dolphin.sdkwebservice.model.ExtensionRequest)
2019-10-14 21:46:11,624 INFO o.s.w.s.h.AbstractHandlerMethodMapping$MappingRegistry [main] Mapped "{[/quickreplies]}" onto public com.imi.dolphin.sdkwebservice.model.ExtensionResult com.imi.dolphin.sdkwebservice.controller.Controller.doBuildQuickReplies(com.imi.dolphin.sdkwebservice.model.ExtensionRequest)
2019-10-14 21:46:11,625 INFO o.s.w.s.h.AbstractHandlerMethodMapping$MappingRegistry [main] Mapped "{[/pingAuth]}" onto public com.imi.dolphin.sdkwebservice.model.ExtensionResult com.imi.dolphin.sdkwebservice.controller.Controller.doPingAuthRequest(com.imi.dolphin.sdkwebservice.model.ExtensionRequest)
2019-10-14 21:46:11,625 INFO o.s.w.s.h.AbstractHandlerMethodMapping$MappingRegistry [main] Mapped "{[/productinfo]}" onto public com.imi.dolphin.sdkwebservice.model.ExtensionResult com.imi.dolphin.sdkwebservice.controller.Controller.doQueryProductInfo(com.imi.dolphin.sdkwebservice.model.ExtensionRequest)
2019-10-14 21:46:11,627 INFO o.s.w.s.h.AbstractHandlerMethodMapping$MappingRegistry [main] Mapped "{[/customers]}" onto public com.imi.dolphin.sdkwebservice.model.ExtensionResult com.imi.dolphin.sdkwebservice.controller.Controller.doQueryCustomerInfo(com.imi.dolphin.sdkwebservice.model.ExtensionRequest)
2019-10-14 21:46:11,628 INFO o.s.w.s.h.AbstractHandlerMethodMapping$MappingRegistry [main] Mapped "{[/sendLocation]}" onto public com.imi.dolphin.sdkwebservice.model.ExtensionResult com.imi.dolphin.sdkwebservice.controller.Controller.doBuildSendLocation(com.imi.dolphin.sdkwebservice.model.ExtensionRequest)
2019-10-14 21:46:11,628 INFO o.s.w.s.h.AbstractHandlerMethodMapping$MappingRegistry [main] Mapped "{[/ping]}" onto public com.imi.dolphin.sdkwebservice.model.ExtensionResult com.imi.dolphin.sdkwebservice.controller.Controller.doPingRequest(com.imi.dolphin.sdkwebservice.model.ExtensionRequest)
2019-10-14 21:46:11,629 INFO o.s.w.s.h.AbstractHandlerMethodMapping$MappingRegistry [main] Mapped "{[/sendMail]}" onto public com.imi.dolphin.sdkwebservice.model.ExtensionResult com.imi.dolphin.sdkwebservice.controller.Controller.doSendMail(com.imi.dolphin.sdkwebservice.model.ExtensionRequest)
2019-10-14 21:46:11,630 INFO o.s.w.s.h.AbstractHandlerMethodMapping$MappingRegistry [main] Mapped "{[/tanyaReportName]}" onto public com.imi.dolphin.sdkwebservice.model.ExtensionResult com.imi.dolphin.sdkwebservice.controller.Controller.tanyaReportName(com.imi.dolphin.sdkwebservice.model.ExtensionRequest)
2019-10-14 21:46:11,630 INFO o.s.w.s.h.AbstractHandlerMethodMapping$MappingRegistry [main] Mapped "{[/getUserLdap]}" onto public com.imi.dolphin.sdkwebservice.model.ExtensionResult com.imi.dolphin.sdkwebservice.controller.Controller.getUserLdap(com.imi.dolphin.sdkwebservice.model.ExtensionRequest)
2019-10-14 21:46:11,631 INFO o.s.w.s.h.AbstractHandlerMethodMapping$MappingRegistry [main] Mapped "{[/tanyaGroup]}" onto public com.imi.dolphin.sdkwebservice.model.ExtensionResult com.imi.dolphin.sdkwebservice.controller.Controller.tanyaGroup(com.imi.dolphin.sdkwebservice.model.ExtensionRequest)
2019-10-14 21:46:11,631 INFO o.s.w.s.h.AbstractHandlerMethodMapping$MappingRegistry [main] Mapped "{[/button]}" onto public com.imi.dolphin.sdkwebservice.model.ExtensionResult com.imi.dolphin.sdkwebservice.controller.Controller.doBuildButton(com.imi.dolphin.sdkwebservice.model.ExtensionRequest)
2019-10-14 21:46:11,632 INFO o.s.w.s.h.AbstractHandlerMethodMapping$MappingRegistry [main] Mapped "{[/image]}" onto public com.imi.dolphin.sdkwebservice.model.ExtensionResult com.imi.dolphin.sdkwebservice.controller.Controller.doBuildImage(com.imi.dolphin.sdkwebservice.model.ExtensionRequest)
2019-10-14 21:46:11,632 INFO o.s.w.s.h.AbstractHandlerMethodMapping$MappingRegistry [main] Mapped "{[/getReport]}" onto public com.imi.dolphin.sdkwebservice.model.ExtensionResult com.imi.dolphin.sdkwebservice.controller.Controller.getReport(com.imi.dolphin.sdkwebservice.model.ExtensionRequest)
2019-10-14 21:46:11,633 INFO o.s.w.s.h.AbstractHandlerMethodMapping$MappingRegistry [main] Mapped "{[/carousel]}" onto public com.imi.dolphin.sdkwebservice.model.ExtensionResult com.imi.dolphin.sdkwebservice.controller.Controller.doBuildCarousel(com.imi.dolphin.sdkwebservice.model.ExtensionRequest)
2019-10-14 21:46:11,633 INFO o.s.w.s.h.AbstractHandlerMethodMapping$MappingRegistry [main] Mapped "{[/validasiOtp]}" onto public com.imi.dolphin.sdkwebservice.model.ExtensionResult com.imi.dolphin.sdkwebservice.controller.Controller.validasiOtp(com.imi.dolphin.sdkwebservice.model.ExtensionRequest)
2019-10-14 21:46:11,634 INFO o.s.w.s.h.AbstractHandlerMethodMapping$MappingRegistry [main] Mapped "{[/menuUtama]}" onto public com.imi.dolphin.sdkwebservice.model.ExtensionResult com.imi.dolphin.sdkwebservice.controller.Controller.menuUtama(com.imi.dolphin.sdkwebservice.model.ExtensionRequest)
2019-10-14 21:46:11,635 INFO o.s.w.s.h.AbstractHandlerMethodMapping$MappingRegistry [main] Mapped "{[/getSOP]}" onto public com.imi.dolphin.sdkwebservice.model.ExtensionResult com.imi.dolphin.sdkwebservice.controller.Controller.getSOP(com.imi.dolphin.sdkwebservice.model.ExtensionRequest)
2019-10-14 21:46:11,635 INFO o.s.w.s.h.AbstractHandlerMethodMapping$MappingRegistry [main] Mapped "{[/forms]}" onto public java.lang.String com.imi.dolphin.sdkwebservice.controller.Controller.getStarted()
2019-10-14 21:46:11,636 INFO o.s.w.s.h.AbstractHandlerMethodMapping$MappingRegistry [main] Mapped "{[/status/]}" onto public com.imi.dolphin.sdkwebservice.model.ExtensionResult com.imi.dolphin.sdkwebservice.controller.Controller.doGetSrnResult(com.imi.dolphin.sdkwebservice.model.ExtensionRequest)
2019-10-14 21:46:11,637 INFO o.s.w.s.h.AbstractHandlerMethodMapping$MappingRegistry [main] Mapped "{[/tanyaKategori]}" onto public com.imi.dolphin.sdkwebservice.model.ExtensionResult com.imi.dolphin.sdkwebservice.controller.Controller.tanyaKategori(com.imi.dolphin.sdkwebservice.model.ExtensionRequest)
2019-10-14 21:46:11,639 INFO o.s.w.s.h.AbstractHandlerMethodMapping$MappingRegistry [main] Mapped "{[/form]}" onto public com.imi.dolphin.sdkwebservice.model.ExtensionResult com.imi.dolphin.sdkwebservice.controller.Controller.doBuildForm(com.imi.dolphin.sdkwebservice.model.ExtensionRequest)
2019-10-14 21:46:11,640 INFO o.s.w.s.h.AbstractHandlerMethodMapping$MappingRegistry [main] Mapped "{[/konfirmasiGroup]}" onto public com.imi.dolphin.sdkwebservice.model.ExtensionResult com.imi.dolphin.sdkwebservice.controller.Controller.konfirmasiGroup(com.imi.dolphin.sdkwebservice.model.ExtensionRequest)
2019-10-14 21:46:11,640 INFO o.s.w.s.h.AbstractHandlerMethodMapping$MappingRegistry [main] Mapped "{[/messages]}" onto public com.imi.dolphin.sdkwebservice.model.ExtensionResult com.imi.dolphin.sdkwebservice.controller.Controller.doGetMessages(com.imi.dolphin.sdkwebservice.model.ExtensionRequest)
2019-10-14 21:46:11,642 INFO o.s.w.s.h.AbstractHandlerMethodMapping$MappingRegistry [main] Mapped "{[/error]}" onto public org.springframework.http.ResponseEntity<java.util.Map<java.lang.String, java.lang.Object>> org.springframework.boot.autoconfigure.web.servlet.error.BasicErrorController.error(javax.servlet.http.HttpServletRequest)
2019-10-14 21:46:11,643 INFO o.s.w.s.h.AbstractHandlerMethodMapping$MappingRegistry [main] Mapped "{[/error],produces=[text/html]}" onto public org.springframework.web.servlet.ModelAndView org.springframework.boot.autoconfigure.web.servlet.error.BasicErrorController.errorHtml(javax.servlet.http.HttpServletRequest,javax.servlet.http.HttpServletResponse)
2019-10-14 21:46:11,677 INFO o.s.w.s.h.AbstractUrlHandlerMapping [main] Mapped URL path [/webjars/**] onto handler of type [class org.springframework.web.servlet.resource.ResourceHttpRequestHandler]
2019-10-14 21:46:11,678 INFO o.s.w.s.h.AbstractUrlHandlerMapping [main] Mapped URL path [/**] onto handler of type [class org.springframework.web.servlet.resource.ResourceHttpRequestHandler]
2019-10-14 21:46:12,728 INFO o.s.b.a.e.w.EndpointLinksResolver [main] Exposing 2 endpoint(s) beneath base path '/actuator'
2019-10-14 21:46:12,741 INFO o.s.w.s.h.AbstractHandlerMethodMapping$MappingRegistry [main] Mapped "{[/actuator/health],methods=[GET],produces=[application/vnd.spring-boot.actuator.v2+json || application/json]}" onto public java.lang.Object org.springframework.boot.actuate.endpoint.web.servlet.AbstractWebMvcEndpointHandlerMapping$OperationHandler.handle(javax.servlet.http.HttpServletRequest,java.util.Map<java.lang.String, java.lang.String>)
2019-10-14 21:46:12,743 INFO o.s.w.s.h.AbstractHandlerMethodMapping$MappingRegistry [main] Mapped "{[/actuator/info],methods=[GET],produces=[application/vnd.spring-boot.actuator.v2+json || application/json]}" onto public java.lang.Object org.springframework.boot.actuate.endpoint.web.servlet.AbstractWebMvcEndpointHandlerMapping$OperationHandler.handle(javax.servlet.http.HttpServletRequest,java.util.Map<java.lang.String, java.lang.String>)
2019-10-14 21:46:12,744 INFO o.s.w.s.h.AbstractHandlerMethodMapping$MappingRegistry [main] Mapped "{[/actuator],methods=[GET],produces=[application/vnd.spring-boot.actuator.v2+json || application/json]}" onto protected java.util.Map<java.lang.String, java.util.Map<java.lang.String, org.springframework.boot.actuate.endpoint.web.Link>> org.springframework.boot.actuate.endpoint.web.servlet.WebMvcEndpointHandlerMapping.links(javax.servlet.http.HttpServletRequest,javax.servlet.http.HttpServletResponse)
2019-10-14 21:46:12,812 INFO o.s.b.StartupInfoLogger [main] Started SdkWebserviceApplicationTests in 3.612 seconds (JVM running for 4.722)
2019-10-14 21:46:12,968 INFO o.s.c.s.AbstractApplicationContext [Thread-2] Closing org.springframework.web.context.support.GenericWebApplicationContext@27216cd: startup date [Mon Oct 14 21:46:09 ICT 2019]; root of context hierarchy
